This is pdfTeX, Version 3.1415926-1.40.10 (TeX Live 2009/Debian) (format=prv_oldpaper 2012.12.23)  23 DEC 2012 10:51
entering extended mode
 %&-line parsing enabled.
**&prv_oldpaper _region_.tex
(./_region_.tex
LaTeX2e <2009/09/24>
Babel <v3.8l> and hyphenation patterns for english, usenglishmax, dumylang, noh
yphenation, loaded.
CUSTOMISED FORMAT. Preloaded files:
        .
 article.cls    2007/10/19 v1.4h Standard LaTeX document class
  size10.clo    2007/10/19 v1.4h Standard LaTeX file (size option)
    cvpr.sty    
 eso-pic.sty    2006/07/14 v1.1d eso-pic (RN)
everyshi.sty    2001/05/15 v3.00 EveryShipout Package (MS)
  keyval.sty    1999/03/16 v1.13 key=value parser (DPC)
  xspace.sty    2006/05/08 v1.12 Space after command names (DPC,MH)
   times.sty    2005/04/12 PSNFSS-v9.2a (SPQR) 
  epsfig.sty    1999/02/16 v1.7a (e)psfig emulation (SPQR)
graphicx.sty    1999/02/16 v1.0f Enhanced LaTeX Graphics (DPC,SPQR)
graphics.sty    2009/02/05 v1.0o Standard LaTeX Graphics (DPC,SPQR)
    trig.sty    1999/03/16 v1.09 sin cos tan (DPC)
graphics.cfg    2009/08/28 v1.8 graphics configuration of TeX Live
  pdftex.def    2010/03/12 v0.04p Graphics/color for pdfTeX
 amsmath.sty    2000/07/18 v2.13 AMS math features
 amstext.sty    2000/06/29 v2.01
  amsgen.sty    1999/11/30 v2.0
  amsbsy.sty    1999/11/29 v1.2d
  amsopn.sty    1999/12/14 v2.01 operator names
 amssymb.sty    2009/06/22 v3.00
amsfonts.sty    2009/06/22 v3.00 Basic AMSFonts support
  subfig.sty    2005/06/28 ver: 1.3 subfig package
 caption.sty    2009/10/09 v3.1k Customizing captions (AR)
caption3.sty    2009/10/09 v3.1k caption3 kernel (AR)
hyperref.sty    2009/10/09 v6.79a Hypertext links for LaTeX
   ifpdf.sty    2009/04/10 v2.0 Provides the ifpdf switch (HO)
  ifvtex.sty    2008/11/04 v1.4 Switches for detecting VTeX and its modes (HO)
 ifxetex.sty    2009/01/23 v0.5 Provides ifxetex conditional
 hycolor.sty    2009/10/02 v1.5 Code for color options of hyperref/bookmark (HO
)
xcolor-patch.sty    2009/10/02 xcolor patch
  pd1enc.def    2009/10/09 v6.79a Hyperref: PDFDocEncoding definition (HO)
etexcmds.sty    2007/12/12 v1.2 Prefix for e-TeX command names (HO)
infwarerr.sty    2007/09/09 v1.2 Providing info/warning/message (HO)
hyperref.cfg    2002/06/06 v1.2 hyperref configuration of TeXLive
kvoptions.sty    2009/08/13 v3.4 Keyval support for LaTeX options (HO)
kvsetkeys.sty    2009/07/30 v1.5 Key value parser with default handler support 
(HO)
 backref.sty    2006/09/05 v1.28 Bibliographical back referencing
     url.sty    2006/04/12  ver 3.3  Verb mode for urls, etc.
  bitset.sty    2007/09/28 v1.0 Data type bit set (HO)
 intcalc.sty    2007/09/27 v1.1 Expandable integer calculations (HO)
bigintcalc.sty    2007/11/11 v1.1 Expandable big integer calculations (HO)
pdftexcmds.sty    2009/09/23 v0.6 LuaTeX support for pdfTeX utility functions (
HO)
ifluatex.sty    2009/04/17 v1.2 Provides the ifluatex switch (HO)
 ltxcmds.sty    2009/08/05 v1.0 Some LaTeX kernel commands for general use (HO)

atbegshi.sty    2008/07/31 v1.9 At begin shipout hook (HO)
 hpdftex.def    2009/10/09 v6.79a Hyperref driver for pdfTeX
    umsa.fd    2009/06/22 v3.00 AMS symbols A
    umsb.fd    2009/06/22 v3.00 AMS symbols B
  ot1ptm.fd    2001/06/04 font definitions for OT1/ptm.
  ot1pcr.fd    2001/06/04 font definitions for OT1/pcr.
  ot1phv.fd    2001/06/04 scalable font definitions for OT1/phv.
        .
No file _region_.aux.
LaTeX Font Info:    Checking defaults for OML/cmm/m/it on input line 23.
LaTeX Font Info:    ... okay on input line 23.
LaTeX Font Info:    Checking defaults for T1/cmr/m/n on input line 23.
LaTeX Font Info:    ... okay on input line 23.
LaTeX Font Info:    Checking defaults for OT1/cmr/m/n on input line 23.
LaTeX Font Info:    ... okay on input line 23.
LaTeX Font Info:    Checking defaults for OMS/cmsy/m/n on input line 23.
LaTeX Font Info:    ... okay on input line 23.
LaTeX Font Info:    Checking defaults for OMX/cmex/m/n on input line 23.
LaTeX Font Info:    ... okay on input line 23.
LaTeX Font Info:    Checking defaults for U/cmr/m/n on input line 23.
LaTeX Font Info:    ... okay on input line 23.
LaTeX Font Info:    Checking defaults for PD1/pdf/m/n on input line 23.
LaTeX Font Info:    ... okay on input line 23.
(/usr/local/share/texmf/tex/latex/preview/preview.sty
Package: preview 2010/02/14 CVS-1.126 (AUCTeX/preview-latex)

(/usr/local/share/texmf/tex/latex/preview/prtightpage.def
\PreviewBorder=\dimen129
)
(/usr/local/share/texmf/tex/latex/preview/prauctex.def
No auxiliary output files.


\hbadness=\count120
\hfuzz=\dimen130
(/usr/local/share/texmf/tex/latex/preview/prauctex.cfg))
(/usr/local/share/texmf/tex/latex/preview/prfootnotes.def)
\pr@snippet=\count121
\pr@box=\box30
\pr@output=\toks21

Preview: Fontsize 10pt
Preview: PDFoutput 1
) ABD: EveryShipout initializing macros
(/usr/share/texmf-texlive/tex/latex/graphics/color.sty
Package: color 2005/11/14 v1.0j Standard LaTeX Color (DPC)

(/etc/texmf/tex/latex/config/color.cfg
File: color.cfg 2007/01/18 v1.5 color configuration of teTeX/TeXLive
)
Package color Info: Driver file: pdftex.def on input line 130.
)
(/usr/share/texmf-texlive/tex/context/base/supp-pdf.mkii
[Loading MPS to PDF converter (version 2006.09.02).]
\scratchcounter=\count122
\scratchdimen=\dimen131
\scratchbox=\box31
\nofMPsegments=\count123
\nofMParguments=\count124
\everyMPshowfont=\toks22
\MPscratchCnt=\count125
\MPscratchDim=\dimen132
\MPnumerator=\count126
\everyMPtoPDFconversion=\toks23
)
Package caption Info: Begin \AtBeginDocument code.
Package caption3 Info: subfig package 1.2 or 1.3 is loaded.
LaTeX Info: Redefining \subref on input line 23.
Package caption Info: Incompatible package detected (regarding \caption).
(caption)             \caption = \protected\long macro:->\pr@protect@domacro {}
{##1{}}\pr@\caption .


Package caption Warning: \caption will not be redefined since it's already
(caption)                redefined by a document class or package which is
(caption)                unknown to the caption package.
See the caption package documentation for explanation.

Package caption Info: hyperref package is loaded.
Package caption Info: End \AtBeginDocument code.
Package hyperref Info: Link coloring ON on input line 23.
(/usr/share/texmf-texlive/tex/latex/hyperref/nameref.sty
Package: nameref 2007/05/29 v2.31 Cross-referencing by name of section

(/usr/share/texmf-texlive/tex/latex/oberdiek/refcount.sty
Package: refcount 2008/08/11 v3.1 Data extraction from references (HO)
)
\c@section@level=\count127
)
LaTeX Info: Redefining \ref on input line 23.
LaTeX Info: Redefining \pageref on input line 23.
\AtBeginShipoutBox=\box32

 !name(oldpaper.tex) !offset(-3) 
LaTeX Font Info:    Font shape `OT1/ptm/bx/n' in size <14.4> not available
(Font)              Font shape `OT1/ptm/b/n' tried instead on input line 37.
LaTeX Font Info:    Font shape `OT1/ptm/bx/n' in size <12> not available
(Font)              Font shape `OT1/ptm/b/n' tried instead on input line 39.

! Preview: Snippet 1 started.
<-><->
      
l.58 \section{Introduction}
                           
Not a real error.

Preview: Tightpage -32891 -32891 32891 32891
! Preview: Snippet 1 ended.(541848+11006x15540941).
<-><->
      
l.58 \section{Introduction}
                           
Not a real error.

[1{/var/lib/texmf/fonts/map/pdftex/updmap/pdftex.map}

]

LaTeX Warning: Citation `chen2010indoor' on page 2 undefined on input line 71.


LaTeX Warning: Citation `hz' on page 2 undefined on input line 71.


LaTeX Warning: Citation `kua2012loopclosure' on page 2 undefined on input line 
71.


LaTeX Warning: Citation `liu2010indoor' on page 2 undefined on input line 71.


LaTeX Warning: Citation `liu2010indoor' on page 2 undefined on input line 80.

! Preview: Snippet 2 started.
<-><->
      
l.88 ...heye lenses reaching an approximately 180$
                                                  ^{\circ}$
Not a real error.

! Preview: Snippet 2 ended.(451272+0x301284).
<-><->
      
l.88 ...es reaching an approximately 180$^{\circ}$
                                                  
Not a real error.

[2]

LaTeX Warning: Citation `chen2010indoor' on page 2 undefined on input line 92.


LaTeX Warning: Citation `kua2012loopclosure' on page 2 undefined on input line 
92.


LaTeX Warning: Citation `liu2010indoor' on page 2 undefined on input line 92.

! Preview: Snippet 3 started.
<-><->
      
l.92 ...ndoor}, the backpack is localized\footnote
                                                  {In this paper, we
Not a real error.

! Preview: Snippet 3 ended.(550688+0x262144).
<-><->
      
l.94 ...r to recovering position and orientation.}
                                                    over
Not a real error.

[3]

LaTeX Warning: Citation `sanchez2012point' on page 2 undefined on input line 99
.


LaTeX Warning: Reference `sec:existingApproaches' on page 2 undefined on input 
line 108.


LaTeX Warning: Reference `sec:simpleTextureMapping' on page 2 undefined on inpu
t line 113.


LaTeX Warning: Reference `sec:existingApproaches' on page 2 undefined on input 
line 115.


LaTeX Warning: Reference `sec:proposedApproach' on page 2 undefined on input li
ne 118.


LaTeX Warning: Reference `sec:resultsAndConclusions' on page 2 undefined on inp
ut line 119.

! Preview: Snippet 4 started.
<-><->
      
l.126 \section{Tile-Based Texture Mapping}
                                          
Not a real error.

! Preview: Snippet 4 ended.(541848+160032x15540941).
<-><->
      
l.126 \section{Tile-Based Texture Mapping}
                                          
Not a real error.

[4

]
! Preview: Snippet 5 started.
<-><->
      
l.128 \begin{figure}
                    
Not a real error.

<Projection.pdf, id=22, 371.72507pt x 334.35416pt>
File: Projection.pdf Graphic file (type pdf)
 <use Projection.pdf>
! Preview: Snippet 5 ended.(12487229+0x15540941).
<-><->
      
l.135 \end{figure}
                  
Not a real error.

[5



 <./Projection.pdf>]

LaTeX Warning: Reference `fig:projection' on page 2 undefined on input line 138
.

! Preview: Snippet 6 started.
<-><->
      
l.139 with a set of $
                     M$ images to texture the target plane. Each image has a
Not a real error.

! Preview: Snippet 6 ended.(447828+0x707242).
<-><->
      
l.139 with a set of $M$
                        images to texture the target plane. Each image has a
Not a real error.

[6]
! Preview: Snippet 7 started.
<-><->
      
l.140 camera matrix $
                     P_i$ for $i=1..M$, which translates a 3D point in the
Not a real error.

! Preview: Snippet 7 ended.(447828+98303x638938).
<-><->
      
l.140 camera matrix $P_i$
                          for $i=1..M$, which translates a 3D point in the
Not a real error.

[7]
! Preview: Snippet 8 started.
<-><->
      
l.140 camera matrix $P_i$ for $
                               i=1..M$, which translates a 3D point in the
Not a real error.

! Preview: Snippet 8 ended.(447828+0x2498599).
<-><->
      
l.140 camera matrix $P_i$ for $i=1..M$
                                      , which translates a 3D point in the
Not a real error.

[8]
! Preview: Snippet 9 started.
<-><->
      
l.141 ... system to a 2D point or pixel in image $
                                                  i$'s
Not a real error.

! Preview: Snippet 9 ended.(432226+0x225780).
<-><->
      
l.141 ...ystem to a 2D point or pixel in image $i$
                                                  's
Not a real error.

[9]
! Preview: Snippet 10 started.
<-><->
      
l.142 coordinates. A camera matrix $
                                    P_i$ is composed of the camera's
Not a real error.

! Preview: Snippet 10 ended.(447828+98303x638938).
<-><->
      
l.142 coordinates. A camera matrix $P_i$
                                         is composed of the camera's
Not a real error.

[10]
! Preview: Snippet 11 started.
<-><->
      
l.146 $
       i$ is taken. These extrinsic parameters are determined by the
Not a real error.

! Preview: Snippet 11 ended.(432226+0x225780).
<-><->
      
l.146 $i$
          is taken. These extrinsic parameters are determined by the
Not a real error.

[11]

LaTeX Warning: Citation `chen2010indoor' on page 2 undefined on input line 148.



LaTeX Warning: Citation `liu2010indoor' on page 2 undefined on input line 148.


LaTeX Warning: Citation `kua2012loopclosure' on page 2 undefined on input line 
148.

! Preview: Snippet 12 started.
<-><->
      
l.158 \subsection{Direct Mapping}
                                 
Not a real error.

! Preview: Snippet 12 ended.(489488+148504x15540941).
<-><->
      
l.158 \subsection{Direct Mapping}
                                 
Not a real error.

[12

]
! Preview: Snippet 13 started.
<-><->
      
l.161 Ignoring the fact that the camera matrices $
                                                  P_{1..M}$ are inaccurate,
Not a real error.

! Preview: Snippet 13 ended.(447828+98303x1575005).
<-><->
      
l.161 ... fact that the camera matrices $P_{1..M}$
                                                   are inaccurate,
Not a real error.

[13]
! Preview: Snippet 14 started.
<-><->
      
l.172 ...to select an image for texturing a tile $
                                                  t$, we must first
Not a real error.

! Preview: Snippet 14 ended.(403098+0x236658).
<-><->
      
l.172 ... select an image for texturing a tile $t$
                                                  , we must first
Not a real error.

[14]
! Preview: Snippet 15 started.
<-><->
      
l.174 ...hich we can quickly check by projecting $
                                                  t$ into each image
Not a real error.

! Preview: Snippet 15 ended.(403098+0x236658).
<-><->
      
l.174 ...ch we can quickly check by projecting $t$
                                                   into each image
Not a real error.

[15]
! Preview: Snippet 16 started.
<-><->
      
l.175 using the $
                 P_i$ camera matrices. Furthermore, each candidate image
Not a real error.

! Preview: Snippet 16 ended.(447828+98303x638938).
<-><->
      
l.175 using the $P_i$
                      camera matrices. Furthermore, each candidate image
Not a real error.

[16]
! Preview: Snippet 17 started.
<-><->
      
l.177 line-of-sight to $
                        t$, which can be calculated using standard
Not a real error.

! Preview: Snippet 17 ended.(403098+0x236658).
<-><->
      
l.177 line-of-sight to $t$
                          , which can be calculated using standard
Not a real error.

[17]
! Preview: Snippet 18 started.
<-><->
      
l.179 of $
          t$, and every other plane \cite{rayintersection}.
Not a real error.

! Preview: Snippet 18 ended.(403098+0x236658).
<-><->
      
l.179 of $t$
            , and every other plane \cite{rayintersection}.
Not a real error.

[18]

LaTeX Warning: Citation `rayintersection' on page 3 undefined on input line 179
.

! Preview: Snippet 19 started.
<-><->
      
l.181 ... we have a list of candidate images for $
                                                  t$, we define a scoring
Not a real error.

! Preview: Snippet 19 ended.(403098+0x236658).
<-><->
      
l.181 ...e have a list of candidate images for $t$
                                                  , we define a scoring
Not a real error.

[19]
! Preview: Snippet 20 started.
<-><->
      
l.190 ...a can be met by maximizing the function $
                                                  \frac{1}{d} (-1 \cdot
Not a real error.

! Preview: Snippet 20 ended.(553676+225995x3400836).
<-><->
      
l.191 \vec{c}) \cdot \vec{n}$
                              as shown in Figure
Not a real error.

[20]

LaTeX Warning: Reference `fig:scoringFunction' on page 3 undefined on input lin
e 192.

! Preview: Snippet 21 started.
<-><->
      
l.192 \ref{fig:scoringFunction}. Specifically, $
                                                d$ is the distance between
Not a real error.

! Preview: Snippet 21 ended.(455111+0x341106).
<-><->
      
l.192 \ref{fig:scoringFunction}. Specifically, $d$
                                                   is the distance between
Not a real error.

[21]
! Preview: Snippet 22 started.
<-><->
      
l.193 the centers of a camera and a tile, and $
                                               \vec{n}$ and $\vec{c}$ are
Not a real error.

! Preview: Snippet 22 ended.(468218+0x393370).
<-><->
      
l.193 ...ers of a camera and a tile, and $\vec{n}$
                                                   and $\vec{c}$ are
Not a real error.

[22]
! Preview: Snippet 23 started.
<-><->
      
l.193 ... a camera and a tile, and $\vec{n}$ and $
                                                  \vec{c}$ are
Not a real error.

! Preview: Snippet 23 ended.(468218+0x283611).
<-><->
      
l.193 ...a and a tile, and $\vec{n}$ and $\vec{c}$
                                                   are
Not a real error.

[23]
! Preview: Snippet 24 started.
<-><->
      
l.196 \begin{figure}
                    
Not a real error.

<scoringFunction.jpg, id=233, 230.5413pt x 193.6836pt>
File: scoringFunction.jpg Graphic file (type jpg)

<use scoringFunction.jpg>
! Preview: Snippet 24 ended.(9332654+0x15540941).
<-><->
      
l.203 \end{figure}
                  
Not a real error.

[24


 <./scoringFunction.jpg>]
! Preview: Snippet 25 started.
<-><->
      
l.207 \begin{figure}
                    [h!]
Not a real error.

<wall2_naive.pdf, id=238, 701.62125pt x 294.09875pt>
File: wall2_naive.pdf Graphic file (type pdf)
 <use wall2_naive.pdf>
<wall2_cache.pdf, id=239, 701.62125pt x 294.09875pt>
File: wall2_cache.pdf Graphic file (type pdf)
 <use wall2_cache.pdf>
<wall2_cache_shift.pdf, id=240, 701.62125pt x 294.09875pt>
File: wall2_cache_shift.pdf Graphic file (type pdf)

<use wall2_cache_shift.pdf>
<wall2_dynprog_noblend.pdf, id=241, 701.62125pt x 294.09875pt>
File: wall2_dynprog_noblend.pdf Graphic file (type pdf)

<use wall2_dynprog_noblend.pdf>
<wall2_cache_shift_blend.pdf, id=242, 701.62125pt x 294.09875pt>
File: wall2_cache_shift_blend.pdf Graphic file (type pdf)

<use wall2_cache_shift_blend.pdf>
<wall2_dynprog.pdf, id=243, 701.62125pt x 294.09875pt>
File: wall2_dynprog.pdf Graphic file (type pdf)
 <use wall2_dynprog.pdf>
! Preview: Snippet 25 ended.(40278608+0x15540941).
<-><->
      
l.230 \end{figure}
                  
Not a real error.

[25


 <./wall2_naive.pdf> <./wall2_cache.pdf> <./wall2_cache_shift.pdf> <./wall2_dyn
prog_noblend.pdf> <./wall2_cache_shift_blend.pdf> <./wall2_dynprog.pdf>]

LaTeX Warning: Reference `fig:compareAll' on page 3 undefined on input line 233
.

! Preview: Snippet 26 started.
<-><->
      
l.238 \subsection{Mapping with Caching}
                                       
Not a real error.

! Preview: Snippet 26 ended.(489488+148504x15540941).
<-><->
      
l.238 \subsection{Mapping with Caching}
                                       
Not a real error.

[26

]
! Preview: Snippet 27 started.
<-><->
      
l.249 $
       t$ by searching through two subsets of images for a viable candidate,
Not a real error.

! Preview: Snippet 27 ended.(403098+0x236658).
<-><->
      
l.249 $t$
          by searching through two subsets of images for a viable candidate,
Not a real error.

[27]
! Preview: Snippet 28 started.
<-><->
      
l.252 ... check which of these images can map to $
                                                  t$, and then of
Not a real error.

! Preview: Snippet 28 ended.(403098+0x236658).
<-><->
      
l.252 ...heck which of these images can map to $t$
                                                  , and then of
Not a real error.

[28]

LaTeX Warning: Reference `fig:scoringFunction' on page 3 undefined on input lin
e 254.

! Preview: Snippet 29 started.
<-><->
      
l.255 meets the criteria $
                          \alpha < 45^\circ$, in order to be considered a
Not a real error.

! Preview: Snippet 29 ended.(451272+25623x2252113).
<-><->
      
l.255 meets the criteria $\alpha < 45^\circ$
                                            , in order to be considered a
Not a real error.

[29]
! Preview: Snippet 30 started.
<-><->
      
l.256 viable image, with $
                          \alpha$ as the camera angle as shown in Figure
Not a real error.

! Preview: Snippet 30 ended.(282168+0x421661).
<-><->
      
l.256 viable image, with $\alpha$
                                  as the camera angle as shown in Figure
Not a real error.

[30]

LaTeX Warning: Reference `fig:scoringFunction' on page 3 undefined on input lin
e 257.


LaTeX Warning: Reference `fig:scoringFunction' on page 3 undefined on input lin
e 267.


LaTeX Warning: Reference `fig:compareAll' on page 3 undefined on input line 270
.


LaTeX Warning: Reference `fig:compareAll' on page 3 undefined on input line 271
.

! Preview: Snippet 31 started.
<-><->
      
l.277 ...n{Existing Approaches to Image Alignment}
                                                  
Not a real error.

! Preview: Snippet 31 ended.(541848+160032x15540941).
<-><->
      
l.277 ...n{Existing Approaches to Image Alignment}
                                                  
Not a real error.

[31

]

LaTeX Warning: Citation `coorg1997matching' on page 3 undefined on input line 2
87.


LaTeX Warning: Citation `liu2010indoor' on page 3 undefined on input line 287.


LaTeX Warning: Citation `shum2000systems' on page 3 undefined on input line 287
.


LaTeX Warning: Citation `szeliski1997creating' on page 3 undefined on input lin
e 287.


LaTeX Warning: Reference `fig:mosaic3D' on page 3 undefined on input line 289.


LaTeX Warning: Citation `liu2010indoor' on page 3 undefined on input line 290.


LaTeX Warning: Citation `hager1998efficient' on page 3 undefined on input line 
295.


LaTeX Warning: Citation `lucas1981iterative' on page 3 undefined on input line 
295.


LaTeX Warning: Citation `shum2000systems' on page 3 undefined on input line 295
.


LaTeX Warning: Citation `szeliski2006image' on page 3 undefined on input line 2
95.


LaTeX Warning: Citation `brown2007automatic' on page 3 undefined on input line 
300.


LaTeX Warning: Citation `cho2003automatic' on page 3 undefined on input line 30
0.


LaTeX Warning: Citation `mikolajczyk2005performance' on page 3 undefined on inp
ut line 300.


LaTeX Warning: Citation `szeliski2006image' on page 3 undefined on input line 3
00.


LaTeX Warning: Citation `yun2003comprehensive' on page 3 undefined on input lin
e 300.


LaTeX Warning: Citation `bernardinimultiplescans' on page 3 undefined on input 
line 302.


LaTeX Warning: Citation `wangmultipleviews' on page 3 undefined on input line 3
02.


LaTeX Warning: Citation `agarwalapanoramas' on page 3 undefined on input line 3
05.


LaTeX Warning: Citation `bernardinimultiplescans' on page 3 undefined on input 
line 305.


LaTeX Warning: Citation `debevecviewdependent' on page 3 undefined on input lin
e 305.


LaTeX Warning: Citation `snavelyphototourism' on page 3 undefined on input line
 305.

! Preview: Snippet 32 started.
<-><->
      
l.312 homography, a pixel in the $
                                  nth$ image must be translated into the
Not a real error.

! Preview: Snippet 32 ended.(455111+0x1007619).
<-><->
      
l.312 homography, a pixel in the $nth$
                                       image must be translated into the
Not a real error.

[32]
! Preview: Snippet 33 started.
<-><->
      
l.313 ...age's coordinates by multiplying by the $
                                                  3\times3$ matrix $H_1
Not a real error.

! Preview: Snippet 33 ended.(422343+54613x1456352).
<-><->
      
l.313 ...rdinates by multiplying by the $3\times3$
                                                   matrix $H_1
Not a real error.

[33]
! Preview: Snippet 34 started.
<-><->
      
l.313 ...by multiplying by the $3\times3$ matrix $
                                                  H_1
Not a real error.

! Preview: Snippet 34 ended.(447828+98303x3963950).
<-><->
      
l.314 H_2 H_3 ... H_n$
                      . Any error in one of these homography matrices is
Not a real error.

[34]

LaTeX Warning: Reference `fig:mosaic3D' on page 4 undefined on input line 316.


LaTeX Warning: Citation `autostitch' on page 4 undefined on input line 318.

! Preview: Snippet 35 started.
<-><->
      
l.324 \begin{figure}
                    
Not a real error.

<Graph_crop.pdf, id=309, 308.5389pt x 105.02065pt>
File: Graph_crop.pdf Graphic file (type pdf)
 <use Graph_crop.pdf>
<panoMy.jpg, id=310, 1405.25pt x 329.23pt>
File: panoMy.jpg Graphic file (type jpg)
 <use panoMy.jpg>

LaTeX Warning: Citation `chen2010indoor' on page 4 undefined on input line 331.



LaTeX Warning: Citation `chen2010indoor' on page 4 undefined on input line 331.


! Preview: Snippet 35 ended.(13670361+0x15540941).
<-><->
      
l.333 \end{figure}
                  
Not a real error.

[35



 <./Graph_crop.pdf> <./panoMy.jpg>]
! Preview: Snippet 36 started.
<-><->
      
l.338 \section{Seamless Texture Mapping}
                                        
Not a real error.

! Preview: Snippet 36 ended.(541848+160032x15540941).
<-><->
      
l.338 \section{Seamless Texture Mapping}
                                        
Not a real error.

[36

]
! Preview: Snippet 37 started.
<-><->
      
l.341 \begin{figure}
                    
Not a real error.

<pipeline.pdf, id=334, 698.61pt x 397.485pt>
File: pipeline.pdf Graphic file (type pdf)
 <use pipeline.pdf>
! Preview: Snippet 37 ended.(10312651+0x15540941).
<-><->
      
l.346 \end{figure}
                  
Not a real error.

[37


 <./pipeline.pdf>]

LaTeX Warning: Reference `fig:pipeline' on page 4 undefined on input line 351.


LaTeX Warning: Reference `sec:mappingWithCaching' on page 4 undefined on input 
line 355.


LaTeX Warning: Reference `sec:seamMinimization' on page 4 undefined on input li
ne 357.

! Preview: Snippet 38 started.
<-><->
      
l.361 \subsection{Image Rotation}
                                 
Not a real error.

! Preview: Snippet 38 ended.(489488+148504x15540941).
<-><->
      
l.361 \subsection{Image Rotation}
                                 
Not a real error.

[38

]

LaTeX Warning: Reference `sec:simpleTextureMapping' on page 4 undefined on inpu
t line 365.

! Preview: Snippet 39 started.
<-><->
      
l.381 \subsection{Image Shifting}
                                 
Not a real error.

! Preview: Snippet 39 ended.(489488+148504x15540941).
<-><->
      
l.381 \subsection{Image Shifting}
                                 
Not a real error.

[39

]

LaTeX Warning: Citation `lai1999robust' on page 4 undefined on input line 389.


LaTeX Warning: Citation `lowe1999object' on page 4 undefined on input line 389.



LaTeX Warning: Citation `mikolajczyk2005performance' on page 4 undefined on inp
ut line 389.


LaTeX Warning: Citation `szeliski2006image' on page 4 undefined on input line 3
89.

! Preview: Snippet 40 started.
<-><->
      
l.391 SIFT matches determine $
                              d^x$ and $d^y$ distances between each pair of
Not a real error.

! Preview: Snippet 40 ended.(455111+0x671062).
<-><->
      
l.391 SIFT matches determine $d^x$
                                   and $d^y$ distances between each pair of
Not a real error.

[40]
! Preview: Snippet 41 started.
<-><->
      
l.391 SIFT matches determine $d^x$ and $
                                        d^y$ distances between each pair of
Not a real error.

! Preview: Snippet 41 ended.(455111+0x656121).
<-><->
      
l.391 SIFT matches determine $d^x$ and $d^y$
                                             distances between each pair of
Not a real error.

[41]

LaTeX Warning: Citation `fischler1981random' on page 4 undefined on input line 
397.

! Preview: Snippet 42 started.
<-><->
      
l.398 the optimal $
                   d^x_{i,j}$ and $d^y_{i,j}$ distances between two images
Not a real error.

! Preview: Snippet 42 ended.(455111+259786x958314).
<-><->
      
l.398 the optimal $d^x_{i,j}$
                              and $d^y_{i,j}$ distances between two images
Not a real error.

[42]
! Preview: Snippet 43 started.
<-><->
      
l.398 the optimal $d^x_{i,j}$ and $
                                   d^y_{i,j}$ distances between two images
Not a real error.

! Preview: Snippet 43 ended.(512453+271877x958314).
<-><->
      
l.398 the optimal $d^x_{i,j}$ and $d^y_{i,j}$
                                              distances between two images
Not a real error.

[43]
! Preview: Snippet 44 started.
<-><->
      
l.399 $
       i$ and $j$. The RANSAC framework handles the consensus-building
Not a real error.

! Preview: Snippet 44 ended.(432226+0x225780).
<-><->
      
l.399 $i$
          and $j$. The RANSAC framework handles the consensus-building
Not a real error.

[44]
! Preview: Snippet 45 started.
<-><->
      
l.399 $i$ and $
               j$. The RANSAC framework handles the consensus-building
Not a real error.

! Preview: Snippet 45 ended.(432226+127431x307396).
<-><->
      
l.399 $i$ and $j$
                 . The RANSAC framework handles the consensus-building
Not a real error.

[45]
! Preview: Snippet 46 started.
<-><->
      
l.410 We now use the $
                      d^x_{i,j}$ and $d^y_{i,j}$ distances between each pair
Not a real error.

! Preview: Snippet 46 ended.(455111+259786x958314).
<-><->
      
l.410 We now use the $d^x_{i,j}$
                                 and $d^y_{i,j}$ distances between each pair
Not a real error.

[46]
! Preview: Snippet 47 started.
<-><->
      
l.410 We now use the $d^x_{i,j}$ and $
                                      d^y_{i,j}$ distances between each pair
Not a real error.

! Preview: Snippet 47 ended.(512453+271877x958314).
<-><->
      
l.410 We now use the $d^x_{i,j}$ and $d^y_{i,j}$
                                                 distances between each pair
Not a real error.

[47]
! Preview: Snippet 48 started.
<-><->
      
l.412 there are a total of $
                            M^{2}$ possible pairs of images, though we only
Not a real error.

! Preview: Snippet 48 ended.(533465+0x1001245).
<-><->
      
l.412 there are a total of $M^{2}$
                                   possible pairs of images, though we only
Not a real error.

[48]
! Preview: Snippet 49 started.
<-><->
      
l.416 ($
        \textrm{min}_{\vec{\beta}} ||A \vec{\beta} - \vec{\gamma}||_2^2 $)
Not a real error.

! Preview: Snippet 49 ended.(641161+314244x4468914).
<-><->
      
l.416 ...}} ||A \vec{\beta} - \vec{\gamma}||_2^2 $
                                                  )
Not a real error.

[49]
! Preview: Snippet 50 started.
<-><->
      
l.418 $
       M$-dimensional vector $\vec{\beta}$ represents the unknown $x$
Not a real error.

! Preview: Snippet 50 ended.(447828+0x707242).
<-><->
      
l.418 $M$
         -dimensional vector $\vec{\beta}$ represents the unknown $x$
Not a real error.

[50]
! Preview: Snippet 51 started.
<-><->
      
l.418 $M$-dimensional vector $
                              \vec{\beta}$ represents the unknown $x$
Not a real error.

! Preview: Snippet 51 ended.(641161+127431x405276).
<-><->
      
l.418 $M$-dimensional vector $\vec{\beta}$
                                           represents the unknown $x$
Not a real error.

[51]
! Preview: Snippet 52 started.
<-><->
      
l.418 ...or $\vec{\beta}$ represents the unknown $
                                                  x$
Not a real error.

! Preview: Snippet 52 ended.(282168+0x374556).
<-><->
      
l.418 ... $\vec{\beta}$ represents the unknown $x$
                                                  
Not a real error.

[52]
! Preview: Snippet 53 started.
<-><->
      
l.419 location of each image on the plane for $
                                               1 \dots M$. The optimal $x$
Not a real error.

! Preview: Snippet 53 ended.(447828+0x2017954).
<-><->
      
l.419 ...f each image on the plane for $1 \dots M$
                                                  . The optimal $x$
Not a real error.

[53]
! Preview: Snippet 54 started.
<-><->
      
l.419 ... the plane for $1 \dots M$. The optimal $
                                                  x$
Not a real error.

! Preview: Snippet 54 ended.(282168+0x374556).
<-><->
      
l.419 ...he plane for $1 \dots M$. The optimal $x$
                                                  
Not a real error.

[54]
! Preview: Snippet 55 started.
<-><->
      
l.420 and $
           y$ locations are obtained in the same way, so we only consider
Not a real error.

! Preview: Snippet 55 ended.(282168+127431x344824).
<-><->
      
l.420 and $y$
              locations are obtained in the same way, so we only consider
Not a real error.

[55]
! Preview: Snippet 56 started.
<-><->
      
l.421 the $
           x$ locations here:
Not a real error.

! Preview: Snippet 56 ended.(282168+0x374556).
<-><->
      
l.421 the $x$
              locations here:
Not a real error.

[56]
! Preview: Snippet 57 started.
<-><->
      
l.423 \[
        \vec{\beta} =
Not a real error.

! Preview: Snippet 57 ended.(870541+0x13444317).
<-><->
      
l.427 \]
        
Not a real error.

[57]
! Preview: Snippet 58 started.
<-><->
      
l.429 The $
           N \times (M+1)$ dimensional matrix $A$ is constructed with one
Not a real error.

! Preview: Snippet 58 ended.(491520+163840x3744643).
<-><->
      
l.429 The $N \times (M+1)$
                           dimensional matrix $A$ is constructed with one
Not a real error.

[58]
! Preview: Snippet 59 started.
<-><->
      
l.429 The $N \times (M+1)$ dimensional matrix $
                                               A$ is constructed with one
Not a real error.

! Preview: Snippet 59 ended.(447828+0x491521).
<-><->
      
l.429 The $N \times (M+1)$ dimensional matrix $A$
                                                  is constructed with one
Not a real error.

[59]
! Preview: Snippet 60 started.
<-><->
      
l.431 ...tching stage. A row in the matrix has a $
                                                  -1$ and $1$ in the
Not a real error.

! Preview: Snippet 60 ended.(422343+54613x837407).
<-><->
      
l.431 ...ing stage. A row in the matrix has a $-1$
                                                   and $1$ in the
Not a real error.

[60]
! Preview: Snippet 61 started.
<-><->
      
l.431 ...age. A row in the matrix has a $-1$ and $
                                                  1$ in the
Not a real error.

! Preview: Snippet 61 ended.(422343+0x327681).
<-><->
      
l.431 ...e. A row in the matrix has a $-1$ and $1$
                                                   in the
Not a real error.

[61]
! Preview: Snippet 62 started.
<-><->
      
l.435 \[
        
Not a real error.

! Preview: Snippet 62 ended.(5938216+0x12685670).
<-><->
      
l.446 \]
        
Not a real error.

[62]
! Preview: Snippet 63 started.
<-><->
      
l.452 row with a $
                  1$ in the first column and the rest zeros.
Not a real error.

! Preview: Snippet 63 ended.(422343+0x327681).
<-><->
      
l.452 row with a $1$
                     in the first column and the rest zeros.
Not a real error.

[63]
! Preview: Snippet 64 started.
<-><->
      
l.454 Finally, the $
                    N$-dimensional observation vector $\vec{\gamma}$ is
Not a real error.

! Preview: Snippet 64 ended.(447828+0x598014).
<-><->
      
l.454 Finally, the $N$
                      -dimensional observation vector $\vec{\gamma}$ is
Not a real error.

[64]
! Preview: Snippet 65 started.
<-><->
      
l.454 ... the $N$-dimensional observation vector $
                                                  \vec{\gamma}$ is
Not a real error.

! Preview: Snippet 65 ended.(468218+127431x375708).
<-><->
      
l.454 ...nsional observation vector $\vec{\gamma}$
                                                   is
Not a real error.

[65]

LaTeX Warning: Citation `chen2010indoor' on page 4 undefined on input line 458.



LaTeX Warning: Citation `liu2010indoor' on page 4 undefined on input line 458.

! Preview: Snippet 66 started.
<-><->
      
l.459 $
       \vec{\gamma}$ can be written as:
Not a real error.

! Preview: Snippet 66 ended.(468218+127431x375708).
<-><->
      
l.459 $\vec{\gamma}$
                     can be written as:
Not a real error.

[66]
! Preview: Snippet 67 started.
<-><->
      
l.461 \[
        
Not a real error.

! Preview: Snippet 67 ended.(813454+0x15540941).
<-><->
      
l.466 \]
        
Not a real error.

[67]
! Preview: Snippet 68 started.
<-><->
      
l.468 The $
           \vec{\beta}$ that minimizes $||A \vec{\beta} -
Not a real error.

! Preview: Snippet 68 ended.(641161+127431x405276).
<-><->
      
l.468 The $\vec{\beta}$
                        that minimizes $||A \vec{\beta} -
Not a real error.

[68]
! Preview: Snippet 69 started.
<-><->
      
l.468 The $\vec{\beta}$ that minimizes $
                                        ||A \vec{\beta} -
Not a real error.

! Preview: Snippet 69 ended.(641161+163840x3095678).
<-><->
      
l.469 \vec{\gamma}||_2^2$
                          results in a set of image locations on the plane
Not a real error.

[69]
! Preview: Snippet 70 started.
<-><->
      
l.473 ...nother. In this case we add rows to the $
                                                  A$ matrix and
Not a real error.

! Preview: Snippet 70 ended.(447828+0x491521).
<-><->
      
l.473 ...ther. In this case we add rows to the $A$
                                                   matrix and
Not a real error.

[70]
! Preview: Snippet 71 started.
<-><->
      
l.474 observations to the $
                           \vec{\gamma}$ vector that contain the original
Not a real error.

! Preview: Snippet 71 ended.(468218+127431x375708).
<-><->
      
l.474 observations to the $\vec{\gamma}$
                                         vector that contain the original
Not a real error.

[71]
! Preview: Snippet 72 started.
<-><->
      
l.475 noisy $
             x$ and $y$ distance estimates from the original camera
Not a real error.

! Preview: Snippet 72 ended.(282168+0x374556).
<-><->
      
l.475 noisy $x$
                and $y$ distance estimates from the original camera
Not a real error.

[72]
! Preview: Snippet 73 started.
<-><->
      
l.475 noisy $x$ and $
                     y$ distance estimates from the original camera
Not a real error.

! Preview: Snippet 73 ended.(282168+127431x344824).
<-><->
      
l.475 noisy $x$ and $y$
                        distance estimates from the original camera
Not a real error.

[73]

LaTeX Warning: Citation `chen2010indoor' on page 4 undefined on input line 480.



LaTeX Warning: Citation `liu2010indoor' on page 4 undefined on input line 480.

! Preview: Snippet 74 started.
<-><->
      
l.482 After completing this same process for the $
                                                  y$ dimension as well, and
Not a real error.

! Preview: Snippet 74 ended.(282168+127431x344824).
<-><->
      
l.482 ... completing this same process for the $y$
                                                   dimension as well, and
Not a real error.

[74]

LaTeX Warning: Reference `sec:mappingWithCaching' on page 5 undefined on input 
line 485.


LaTeX Warning: Reference `fig:compareAll' on page 5 undefined on input line 487
.


LaTeX Warning: Reference `fig:compareAll' on page 5 undefined on input line 488
.

! Preview: Snippet 75 started.
<-><->
      
l.491 \subsection{Seam Minimization}
                                    
Not a real error.

! Preview: Snippet 75 ended.(489488+11534x15540941).
<-><->
      
l.491 \subsection{Seam Minimization}
                                    
Not a real error.

[75

]
! Preview: Snippet 76 started.
<-><->
      
l.494 \begin{figure}
                    
Not a real error.

<projectionWall.pdf, id=476, 312.16624pt x 304.13625pt>
File: projectionWall.pdf Graphic file (type pdf)

<use projectionWall.pdf>
<projectionCeiling.pdf, id=478, 479.7925pt x 295.1025pt>
File: projectionCeiling.pdf Graphic file (type pdf)

<use projectionCeiling.pdf>
<projectionWallCrop.pdf, id=480, 272.01625pt x 287.0725pt>
File: projectionWallCrop.pdf Graphic file (type pdf)

<use projectionWallCrop.pdf>
! Preview: Snippet 76 ended.(10626029+0x15540941).
<-><->
      
l.507 \end{figure}
                  
Not a real error.

[76


 <./projectionWall.pdf> <./projectionCeiling.pdf> <./projectionWallCrop.pdf>]
! Preview: Snippet 77 started.
<-><->
      
l.512 in this paper contains 2 cameras with $
                                             180^\circ$ fisheye lenses
Not a real error.

! Preview: Snippet 77 ended.(451272+0x1284327).
<-><->
      
l.512 ...paper contains 2 cameras with $180^\circ$
                                                   fisheye lenses
Not a real error.

[77]

LaTeX Warning: Reference `fig:projectionAngles' on page 5 undefined on input li
ne 519.


LaTeX Warning: Reference `fig:projectionAngles' on page 5 undefined on input li
ne 519.


LaTeX Warning: Reference `fig:projectionAngles' on page 5 undefined on input li
ne 522.


LaTeX Warning: Reference `fig:scoringFunction' on page 5 undefined on input lin
e 523.


LaTeX Warning: Reference `fig:projectionAngles' on page 5 undefined on input li
ne 525.


LaTeX Warning: Reference `sec:simpleTextureMapping' on page 5 undefined on inpu
t line 526.


LaTeX Warning: Reference `fig:projectionAngles' on page 5 undefined on input li
ne 530.


LaTeX Warning: Reference `fig:scoringFunction' on page 5 undefined on input lin
e 535.


LaTeX Warning: Reference `sec:projectionAndRotation' on page 5 undefined on inp
ut line 546.


LaTeX Warning: Reference `sec:projectionAndRotation' on page 5 undefined on inp
ut line 558.


LaTeX Warning: Reference `fig:projectionAngles' on page 5 undefined on input li
ne 560.


LaTeX Warning: Reference `sec:simpleTextureMapping' on page 5 undefined on inpu
t line 565.


LaTeX Warning: Citation `dijkstra' on page 5 undefined on input line 576.

! Preview: Snippet 78 started.
<-><->
      
l.578 \begin{figure}
                    
Not a real error.

<dagCreation.pdf, id=516, 481.8pt x 154.5775pt>
File: dagCreation.pdf Graphic file (type pdf)
 <use dagCreation.pdf>
! Preview: Snippet 78 ended.(6786857+0x15540941).
<-><->
      
l.583 \end{figure}
                  
Not a real error.

[78


 <./dagCreation.pdf>]

LaTeX Warning: Reference `fig:dagCreation' on page 5 undefined on input line 58
5.

! Preview: Snippet 79 started.
<-><->
      
l.593 node has directed edges with equal cost $
                                               C_0$ to(from) all images that
Not a real error.

! Preview: Snippet 79 ended.(447828+98303x762403).
<-><->
      
l.593 ... has directed edges with equal cost $C_0$
                                                   to(from) all images that
Not a real error.

[79]

LaTeX Warning: Reference `fig:compareAll' on page 6 undefined on input line 617
.


LaTeX Warning: Reference `fig:compareAll' on page 6 undefined on input line 618
.

! Preview: Snippet 80 started.
<-><->
      
l.619 ...ing to the tile caching approach\footnote
                                                  {In Figure
Not a real error.

LaTeX Font Info:    Font shape `OT1/ptm/bx/n' in size <8> not available
(Font)              Font shape `OT1/ptm/b/n' tried instead on input line 622.

LaTeX Warning: Reference `fig:compareAll' on page 6 undefined on input line 622
.

! Preview: Snippet 80 ended.(550688+0x262144).
<-><->
      
l.622   next section.}
                      . This is especially evident when comparing the
Not a real error.

[80]

LaTeX Warning: Reference `fig:compareAll' on page 6 undefined on input line 624
.


LaTeX Warning: Reference `fig:compareAll' on page 6 undefined on input line 625
.

! Preview: Snippet 81 started.
<-><->
      
l.634 discretizing planes or images\footnote
                                             {For the seam minimization
Not a real error.

! Preview: Snippet 81 ended.(550688+0x262144).
<-><->
      
l.642   in the tiling process.  }
                                 .
Not a real error.

[81]
! Preview: Snippet 82 started.
<-><->
      
l.659 \subsection{Blending}
                           
Not a real error.

! Preview: Snippet 82 ended.(489488+148504x15540941).
<-><->
      
l.659 \subsection{Blending}
                           
Not a real error.

[82

]
! Preview: Snippet 83 started.
<-><->
      
l.676 $
       l_1 \times l_1$, we can associate it with a texture $(l_1 + l_2)
Not a real error.

! Preview: Snippet 83 ended.(455111+98303x1780088).
<-><->
      
l.676 $l_1 \times l_1$
                      , we can associate it with a texture $(l_1 + l_2)
Not a real error.

[83]
! Preview: Snippet 84 started.
<-><->
      
l.676 ..._1$, we can associate it with a texture $
                                                  (l_1 + l_2)
Not a real error.

! Preview: Snippet 84 ended.(491520+163840x5380618).
<-><->
      
l.677 \times (l_1 + l_2)$
                          in size. For the seam minimization method, we have
Not a real error.

[84]

LaTeX Warning: Reference `sec:seamMinimization' on page 6 undefined on input li
ne 681.


LaTeX Warning: Reference `fig:compareAll' on page 6 undefined on input line 686
.


LaTeX Warning: Reference `fig:compareAll' on page 6 undefined on input line 687
.


LaTeX Warning: Reference `fig:compareAll' on page 6 undefined on input line 688
.


LaTeX Warning: Reference `fig:compareAll' on page 6 undefined on input line 688
.


LaTeX Warning: Reference `fig:compareAll' on page 6 undefined on input line 691
.


LaTeX Warning: Reference `fig:compareAll' on page 6 undefined on input line 692
.

! Preview: Snippet 85 started.
<-><->
      
l.696 \section{Results and Conclusions}
                                       
Not a real error.

! Preview: Snippet 85 ended.(541848+14544x15540941).
<-><->
      
l.696 \section{Results and Conclusions}
                                       
Not a real error.

[85

]

LaTeX Warning: Reference `fig:results' on page 6 undefined on input line 700.

! Preview: Snippet 86 started.
<-><->
      
l.717 \begin{figure*}
                     
Not a real error.

<finalfloors.jpg, id=564, 3792.1675pt x 1441.385pt>
File: finalfloors.jpg Graphic file (type jpg)
 <use finalfloors.jpg>
<finalceilings.jpg, id=565, 2308.625pt x 1104.125pt>
File: finalceilings.jpg Graphic file (type jpg)
 <use finalceilings.jpg>
<floorcropped.jpg, id=566, 2693.06125pt x 2148.025pt>
File: floorcropped.jpg Graphic file (type jpg)
 <use floorcropped.jpg>
<fullmodel.png, id=567, 1242.14063pt x 639.89063pt>
File: fullmodel.png Graphic file (type png)
 <use fullmodel.png>
! Preview: Snippet 86 ended.(20852905+0x32561971).
<-><->
      
l.731 \end{figure*}
                   
Not a real error.

[86


 <./finalfloors.jpg> <./finalceilings.jpg> <./floorcropped.jpg> <./fullmodel.pn
g>]
No file _region_.bbl.

LaTeX Warning: There were undefined references.

 ) 
Here is how much of TeX's memory you used:
 867 strings out of 489077
 13051 string characters out of 1094900
 182569 words of memory out of 3000000
 9825 multiletter control sequences out of 15000+50000
 25772 words of font info for 64 fonts, out of 3000000 for 9000
 28 hyphenation exceptions out of 8191
 25i,11n,45p,170b,419s stack positions out of 5000i,500n,10000p,200000b,50000s
pdfTeX warning (dest): name{Hfootnote.3} has been referenced but does not exi
st, replaced by a fixed one

pdfTeX warning (dest): name{Hfootnote.2} has been referenced but does not exist
, replaced by a fixed one

pdfTeX warning (dest): name{Hfootnote.1} has been referenced but does not exist
, replaced by a fixed one

{/usr/share/texmf-texlive/fonts/enc/dvips/base/8r.enc}</usr/share/texmf-texlive
/fonts/type1/public/amsfonts/cm/cmex10.pfb></usr/share/texmf-texlive/fonts/type
1/public/amsfonts/cm/cmmi10.pfb></usr/share/texmf-texlive/fonts/type1/public/am
sfonts/cm/cmmi7.pfb></usr/share/texmf-texlive/fonts/type1/public/amsfonts/cm/cm
r10.pfb></usr/share/texmf-texlive/fonts/type1/public/amsfonts/cm/cmr7.pfb></usr
/share/texmf-texlive/fonts/type1/public/amsfonts/cm/cmsy10.pfb></usr/share/texm
f-texlive/fonts/type1/public/amsfonts/cm/cmsy7.pfb></usr/share/texmf-texlive/fo
nts/type1/urw/times/utmb8a.pfb></usr/share/texmf-texlive/fonts/type1/urw/times/
utmr8a.pfb>
Output written on _region_.pdf (86 pages, 7504710 bytes).
PDF statistics:
 622 PDF objects out of 1000 (max. 8388607)
 37 named destinations out of 1000 (max. 500000)
 96 words of extra memory for PDF output out of 10000 (max. 10000000)

