This is pdfTeX, Version 3.1415926-1.40.10 (TeX Live 2009/Debian) (format=prv_masters 2013.5.31)  31 MAY 2013 02:15
entering extended mode
 %&-line parsing enabled.
**&prv_masters _region_.tex
(./_region_.tex
LaTeX2e <2009/09/24>
Babel <v3.8l> and hyphenation patterns for english, usenglishmax, dumylang, noh
yphenation, farsi, arabic, croatian, bulgarian, ukrainian, russian, czech, slov
ak, danish, dutch, finnish, french, basque, ngerman, german, german-x-2009-06-1
9, ngerman-x-2009-06-19, ibycus, monogreek, greek, ancientgreek, hungarian, san
skrit, italian, latin, latvian, lithuanian, mongolian2a, mongolian, bokmal, nyn
orsk, romanian, irish, coptic, serbian, turkish, welsh, esperanto, uppersorbian
, estonian, indonesian, interlingua, icelandic, kurmanji, slovenian, polish, po
rtuguese, spanish, galician, catalan, swedish, ukenglish, pinyin, loaded.
CUSTOMISED FORMAT. Preloaded files:
        .
    spie.cls    2008/01/19 v3.3 SPIE Proceedings class
 article.cls    2007/10/19 v1.4h Standard LaTeX document class
  size10.clo    2007/10/19 v1.4h Standard LaTeX file (size option)
  ifthen.sty    2001/05/26 v1.1c Standard LaTeX ifthen package (DPC)
    cite.sty    2009/08/29  v 5.2
graphicx.sty    1999/02/16 v1.0f Enhanced LaTeX Graphics (DPC,SPQR)
  keyval.sty    1999/03/16 v1.13 key=value parser (DPC)
graphics.sty    2009/02/05 v1.0o Standard LaTeX Graphics (DPC,SPQR)
    trig.sty    1999/03/16 v1.09 sin cos tan (DPC)
graphics.cfg    2009/08/28 v1.8 graphics configuration of TeX Live
  pdftex.def    2010/03/12 v0.04p Graphics/color for pdfTeX
  subfig.sty    2005/06/28 ver: 1.3 subfig package
 caption.sty    2009/10/09 v3.1k Customizing captions (AR)
caption3.sty    2009/10/09 v3.1k caption3 kernel (AR)
 amsmath.sty    2000/07/18 v2.13 AMS math features
 amstext.sty    2000/06/29 v2.01
  amsgen.sty    1999/11/30 v2.0
  amsbsy.sty    1999/11/29 v1.2d
  amsopn.sty    1999/12/14 v2.01 operator names
 amssymb.sty    2009/06/22 v3.00
amsfonts.sty    2009/06/22 v3.00 Basic AMSFonts support
hyperref.sty    2009/10/09 v6.79a Hypertext links for LaTeX
   ifpdf.sty    2009/04/10 v2.0 Provides the ifpdf switch (HO)
  ifvtex.sty    2008/11/04 v1.4 Switches for detecting VTeX and its modes (HO)
 ifxetex.sty    2009/01/23 v0.5 Provides ifxetex conditional
 hycolor.sty    2009/10/02 v1.5 Code for color options of hyperref/bookmark (HO
)
xcolor-patch.sty    2009/10/02 xcolor patch
  pd1enc.def    2009/10/09 v6.79a Hyperref: PDFDocEncoding definition (HO)
etexcmds.sty    2007/12/12 v1.2 Prefix for e-TeX command names (HO)
infwarerr.sty    2007/09/09 v1.2 Providing info/warning/message (HO)
hyperref.cfg    2002/06/06 v1.2 hyperref configuration of TeXLive
kvoptions.sty    2009/08/13 v3.4 Keyval support for LaTeX options (HO)
kvsetkeys.sty    2009/07/30 v1.5 Key value parser with default handler support 
(HO)
     url.sty    2006/04/12  ver 3.3  Verb mode for urls, etc.
  bitset.sty    2007/09/28 v1.0 Data type bit set (HO)
 intcalc.sty    2007/09/27 v1.1 Expandable integer calculations (HO)
bigintcalc.sty    2007/11/11 v1.1 Expandable big integer calculations (HO)
pdftexcmds.sty    2009/09/23 v0.6 LuaTeX support for pdfTeX utility functions (
HO)
ifluatex.sty    2009/04/17 v1.2 Provides the ifluatex switch (HO)
 ltxcmds.sty    2009/08/05 v1.0 Some LaTeX kernel commands for general use (HO)

atbegshi.sty    2008/07/31 v1.9 At begin shipout hook (HO)
 hpdftex.def    2009/10/09 v6.79a Hyperref driver for pdfTeX
   float.sty    2001/11/08 v1.3d Float enhancements (AL)
multirow.sty    
    umsa.fd    2009/06/22 v3.00 AMS symbols A
    umsb.fd    2009/06/22 v3.00 AMS symbols B
        .
No file _region_.aux.
LaTeX Font Info:    Checking defaults for OML/cmm/m/it on input line 18.
LaTeX Font Info:    ... okay on input line 18.
LaTeX Font Info:    Checking defaults for T1/cmr/m/n on input line 18.
LaTeX Font Info:    ... okay on input line 18.
LaTeX Font Info:    Checking defaults for OT1/cmr/m/n on input line 18.
LaTeX Font Info:    ... okay on input line 18.
LaTeX Font Info:    Checking defaults for OMS/cmsy/m/n on input line 18.
LaTeX Font Info:    ... okay on input line 18.
LaTeX Font Info:    Checking defaults for OMX/cmex/m/n on input line 18.
LaTeX Font Info:    ... okay on input line 18.
LaTeX Font Info:    Checking defaults for U/cmr/m/n on input line 18.
LaTeX Font Info:    ... okay on input line 18.
LaTeX Font Info:    Checking defaults for PD1/pdf/m/n on input line 18.
LaTeX Font Info:    ... okay on input line 18.
(/usr/local/share/texmf/tex/latex/preview/preview.sty
Package: preview 2010/02/14 CVS-1.126 (AUCTeX/preview-latex)

(/usr/local/share/texmf/tex/latex/preview/prtightpage.def
\PreviewBorder=\dimen125
)
(/usr/local/share/texmf/tex/latex/preview/prauctex.def
No auxiliary output files.


\hbadness=\count117
\hfuzz=\dimen126
(/usr/local/share/texmf/tex/latex/preview/prauctex.cfg))
(/usr/local/share/texmf/tex/latex/preview/prfootnotes.def)
\pr@snippet=\count118
\pr@box=\box30
\pr@output=\toks23

Preview: Fontsize 10pt
Preview: PDFoutput 1
) (/usr/share/texmf-texlive/tex/context/base/supp-pdf.mkii
[Loading MPS to PDF converter (version 2006.09.02).]
\scratchcounter=\count119
\scratchdimen=\dimen127
\scratchbox=\box31
\nofMPsegments=\count120
\nofMParguments=\count121
\everyMPshowfont=\toks24
\MPscratchCnt=\count122
\MPscratchDim=\dimen128
\MPnumerator=\count123
\everyMPtoPDFconversion=\toks25
)
Package caption Info: Begin \AtBeginDocument code.
Package caption3 Info: subfig package 1.2 or 1.3 is loaded.
LaTeX Info: Redefining \subref on input line 18.
Package caption Info: Incompatible package detected (regarding \caption).
(caption)             \caption = \protected\long macro:->\pr@protect@domacro {}
{##1{}}\pr@\caption .


Package caption Warning: \caption will not be redefined since it's already
(caption)                redefined by a document class or package which is
(caption)                unknown to the caption package.
See the caption package documentation for explanation.

Package caption Info: float package is loaded.
Package caption Info: hyperref package is loaded.
Package caption Info: End \AtBeginDocument code.
Package hyperref Info: Link coloring OFF on input line 18.
(/usr/share/texmf-texlive/tex/latex/hyperref/nameref.sty
Package: nameref 2007/05/29 v2.31 Cross-referencing by name of section

(/usr/share/texmf-texlive/tex/latex/oberdiek/refcount.sty
Package: refcount 2008/08/11 v3.1 Data extraction from references (HO)
)
\c@section@level=\count124
)
LaTeX Info: Redefining \ref on input line 18.
LaTeX Info: Redefining \pageref on input line 18.
\AtBeginShipoutBox=\box32

 !name(masters.tex) !offset(938) 
! Preview: Snippet 1 started.
<-><->
      
l.21 \subsection
                {Examples}
Not a real error.

Preview: Tightpage -32891 -32891 32891 32891
! Preview: Snippet 1 ended.(546132+152916x31969935).
<-><->
      
l.21 \subsection{Examples}
                          
Not a real error.

[1{/var/lib/texmf/fonts/map/pdftex/updmap/pdftex.map}

]

LaTeX Warning: Reference `sec:dataAcquisition' on page 1 undefined on input lin
e 23.


LaTeX Warning: Reference `sec:geometryPartitioning' on page 1 undefined on inpu
t line 31.

! Preview: Snippet 2 started.
<-><->
      
l.36 \begin{figure}
                   
Not a real error.



pdfTeX warning: pdflatex: arithmetic: number too big


pdfTeX warning: pdflatex: arithmetic: number too big
<results_swarm_3_v.jpg, id=8, --32768.0pt x 0.0pt>
File: results_swarm_3_v.jpg Graphic file (type jpg)
 <use results_swarm_3_v.jpg>
! Dimension too large.
\Gscale@box ...fdim #1\p@ <\z@ \hb@xt@ -#1\wd \z@ 
                                                  {\kern -#1\wd \z@ \box \tw...
l.42   }
        
I can't work with sizes bigger than about 19 feet.
Continue and I'll use the largest value I can.

! Dimension too large.
\Gscale@box ...b@xt@ -#1\wd \z@ {\kern -#1\wd \z@ 
                                                  \box \tw@ \hss }\else \wd ...
l.42   }
        
I can't work with sizes bigger than about 19 feet.
Continue and I'll use the largest value I can.



pdfTeX warning: pdflatex: arithmetic: number too big


pdfTeX warning: pdflatex: arithmetic: number too big
<results_swarm_3_2d.jpg, id=9, --32768.0pt x 0.0pt>
File: results_swarm_3_2d.jpg Graphic file (type jpg)

<use results_swarm_3_2d.jpg>
! Dimension too large.
\Gscale@box ...fdim #1\p@ <\z@ \hb@xt@ -#1\wd \z@ 
                                                  {\kern -#1\wd \z@ \box \tw...
l.42   }
        
I can't work with sizes bigger than about 19 feet.
Continue and I'll use the largest value I can.

! Dimension too large.
\Gscale@box ...b@xt@ -#1\wd \z@ {\kern -#1\wd \z@ 
                                                  \box \tw@ \hss }\else \wd ...
l.42   }
        
I can't work with sizes bigger than about 19 feet.
Continue and I'll use the largest value I can.



pdfTeX warning: pdflatex: arithmetic: number too big


pdfTeX warning: pdflatex: arithmetic: number too big
<results_swarm_3_3d.jpg, id=10, --32768.0pt x 0.0pt>
File: results_swarm_3_3d.jpg Graphic file (type jpg)

<use results_swarm_3_3d.jpg>
! Dimension too large.
\Gscale@box ...fdim #1\p@ <\z@ \hb@xt@ -#1\wd \z@ 
                                                  {\kern -#1\wd \z@ \box \tw...
l.42   }
        
I can't work with sizes bigger than about 19 feet.
Continue and I'll use the largest value I can.

! Dimension too large.
\Gscale@box ...b@xt@ -#1\wd \z@ {\kern -#1\wd \z@ 
                                                  \box \tw@ \hss }\else \wd ...
l.42   }
        
I can't work with sizes bigger than about 19 feet.
Continue and I'll use the largest value I can.



pdfTeX warning: pdflatex: arithmetic: number too big


pdfTeX warning: pdflatex: arithmetic: number too big
<results_swarm_2_v.jpg, id=11, --32768.0pt x 0.0pt>
File: results_swarm_2_v.jpg Graphic file (type jpg)

<use results_swarm_2_v.jpg>
! Dimension too large.
\Gscale@box ...fdim #1\p@ <\z@ \hb@xt@ -#1\wd \z@ 
                                                  {\kern -#1\wd \z@ \box \tw...
l.47   }
        
I can't work with sizes bigger than about 19 feet.
Continue and I'll use the largest value I can.

! Dimension too large.
\Gscale@box ...b@xt@ -#1\wd \z@ {\kern -#1\wd \z@ 
                                                  \box \tw@ \hss }\else \wd ...
l.47   }
        
I can't work with sizes bigger than about 19 feet.
Continue and I'll use the largest value I can.



pdfTeX warning: pdflatex: arithmetic: number too big


pdfTeX warning: pdflatex: arithmetic: number too big
<results_swarm_2_2d.jpg, id=12, --32768.0pt x 0.0pt>
File: results_swarm_2_2d.jpg Graphic file (type jpg)

<use results_swarm_2_2d.jpg>
! Dimension too large.
\Gscale@box ...fdim #1\p@ <\z@ \hb@xt@ -#1\wd \z@ 
                                                  {\kern -#1\wd \z@ \box \tw...
l.47   }
        
I can't work with sizes bigger than about 19 feet.
Continue and I'll use the largest value I can.

! Dimension too large.
\Gscale@box ...b@xt@ -#1\wd \z@ {\kern -#1\wd \z@ 
                                                  \box \tw@ \hss }\else \wd ...
l.47   }
        
I can't work with sizes bigger than about 19 feet.
Continue and I'll use the largest value I can.



pdfTeX warning: pdflatex: arithmetic: number too big


pdfTeX warning: pdflatex: arithmetic: number too big
<results_swarm_2_3d.jpg, id=13, --32768.0pt x 0.0pt>
File: results_swarm_2_3d.jpg Graphic file (type jpg)

<use results_swarm_2_3d.jpg>
! Dimension too large.
\Gscale@box ...fdim #1\p@ <\z@ \hb@xt@ -#1\wd \z@ 
                                                  {\kern -#1\wd \z@ \box \tw...
l.47   }
        
I can't work with sizes bigger than about 19 feet.
Continue and I'll use the largest value I can.

! Dimension too large.
\Gscale@box ...b@xt@ -#1\wd \z@ {\kern -#1\wd \z@ 
                                                  \box \tw@ \hss }\else \wd ...
l.47   }
        
I can't work with sizes bigger than about 19 feet.
Continue and I'll use the largest value I can.



pdfTeX warning: pdflatex: arithmetic: number too big


pdfTeX warning: pdflatex: arithmetic: number too big
<results_swarm_5_v.jpg, id=14, --32768.0pt x 0.0pt>
File: results_swarm_5_v.jpg Graphic file (type jpg)

<use results_swarm_5_v.jpg>
! Dimension too large.
\Gscale@box ...fdim #1\p@ <\z@ \hb@xt@ -#1\wd \z@ 
                                                  {\kern -#1\wd \z@ \box \tw...
l.52   }
        
I can't work with sizes bigger than about 19 feet.
Continue and I'll use the largest value I can.

! Dimension too large.
\Gscale@box ...b@xt@ -#1\wd \z@ {\kern -#1\wd \z@ 
                                                  \box \tw@ \hss }\else \wd ...
l.52   }
        
I can't work with sizes bigger than about 19 feet.
Continue and I'll use the largest value I can.



pdfTeX warning: pdflatex: arithmetic: number too big


pdfTeX warning: pdflatex: arithmetic: number too big
<results_swarm_5_2d.jpg, id=15, --32768.0pt x 0.0pt>
File: results_swarm_5_2d.jpg Graphic file (type jpg)

<use results_swarm_5_2d.jpg>
! Dimension too large.
\Gscale@box ...fdim #1\p@ <\z@ \hb@xt@ -#1\wd \z@ 
                                                  {\kern -#1\wd \z@ \box \tw...
l.52   }
        
I can't work with sizes bigger than about 19 feet.
Continue and I'll use the largest value I can.

! Dimension too large.
\Gscale@box ...b@xt@ -#1\wd \z@ {\kern -#1\wd \z@ 
                                                  \box \tw@ \hss }\else \wd ...
l.52   }
        
I can't work with sizes bigger than about 19 feet.
Continue and I'll use the largest value I can.



pdfTeX warning: pdflatex: arithmetic: number too big


pdfTeX warning: pdflatex: arithmetic: number too big
<results_swarm_5_3d.jpg, id=16, --32768.0pt x 0.0pt>
File: results_swarm_5_3d.jpg Graphic file (type jpg)

<use results_swarm_5_3d.jpg>
! Dimension too large.
\Gscale@box ...fdim #1\p@ <\z@ \hb@xt@ -#1\wd \z@ 
                                                  {\kern -#1\wd \z@ \box \tw...
l.52   }
        
I can't work with sizes bigger than about 19 feet.
Continue and I'll use the largest value I can.

! Dimension too large.
\Gscale@box ...b@xt@ -#1\wd \z@ {\kern -#1\wd \z@ 
                                                  \box \tw@ \hss }\else \wd ...
l.52   }
        
I can't work with sizes bigger than about 19 feet.
Continue and I'll use the largest value I can.

! Preview: Snippet 2 ended.(3112959+0x31969935).
<-><->
      
l.59 \end{figure}
                 
Not a real error.

[2

pdfTeX warning (ext4): destination with the same identifier (name{figure.1}) ha
s been already used, duplicate ignored

\pr@endbox ...y \pr@markerbox }\else \box \pr@box 
                                                  \fi }\global \advance \pr@...
l.59 \end{figure}
                 


 <./results_swarm_3_v.jpg> <./results_swarm_3_2d.jpg> <./results_swarm_3_3d.jpg
> <./results_swarm_2_v.jpg> <./results_swarm_2_2d.jpg> <./results_swarm_2_3d.jp
g> <./results_swarm_5_v.jpg> <./results_swarm_5_2d.jpg> <./results_swarm_5_3d.j
pg>]

LaTeX Warning: Citation `sanchez2012point' on page 1 undefined on input line 62
.


LaTeX Warning: Citation `turnerfloorplan' on page 1 undefined on input line 63.



LaTeX Warning: Citation `turnerwatertight' on page 1 undefined on input line 64
.


LaTeX Warning: Reference `fig:modelcomparisons' on page 1 undefined on input li
ne 70.

! Preview: Snippet 3 started.
<-><->
      
l.72 \begin{figure}
                   
Not a real error.

! Preview: Snippet 3 ended.(786432+0x31969935).
<-><->
      
l.76 \end{figure}
                 
Not a real error.

[3

pdfTeX warning (ext4): destination with the same identifier (name{figure.2}) ha
s been already used, duplicate ignored

\pr@endbox ...y \pr@markerbox }\else \box \pr@box 
                                                  \fi }\global \advance \pr@...
l.76 \end{figure}
                 

]

LaTeX Warning: Reference `fig:lowresmodels' on page 1 undefined on input line 7
9.

! Preview: Snippet 4 started.
<-><->
      
l.94 \begin{figure}
                   
Not a real error.

! Preview: Snippet 4 ended.(786432+0x31969935).
<-><->
      
l.97 \end{figure}
                 
Not a real error.

[4

pdfTeX warning (ext4): destination with the same identifier (name{figure.3}) ha
s been already used, duplicate ignored

\pr@endbox ...y \pr@markerbox }\else \box \pr@box 
                                                  \fi }\global \advance \pr@...
l.97 \end{figure}
                 

]

LaTeX Warning: Reference `sec:geometryPartitioning' on page 1 undefined on inpu
t line 102.


LaTeX Warning: Reference `sec:geometryAlignment' on page 1 undefined on input l
ine 113.


LaTeX Warning: Reference `sec:imageCompositing' on page 1 undefined on input li
ne 115.


LaTeX Warning: Reference `fig:2dvs3d' on page 1 undefined on input line 119.


LaTeX Warning: Reference `fig:2dvs3d' on page 1 undefined on input line 123.

 !name(masters.tex) !offset(1065) 

LaTeX Warning: There were undefined references.

 ) 
Here is how much of TeX's memory you used:
 678 strings out of 488022
 10262 string characters out of 1067913
 173849 words of memory out of 3000000
 9651 multiletter control sequences out of 15000+50000
 8039 words of font info for 31 fonts, out of 3000000 for 9000
 714 hyphenation exceptions out of 8191
 24i,10n,45p,169b,407s stack positions out of 5000i,500n,10000p,200000b,50000s
</usr/share/texmf-texlive/fonts/type1/public/amsfonts/cm/cmbx12.pfb></usr/sha
re/texmf-texlive/fonts/type1/public/amsfonts/cm/cmr10.pfb></usr/share/texmf-tex
live/fonts/type1/public/amsfonts/cm/cmr8.pfb>
Output written on _region_.pdf (4 pages, 2179334 bytes).
PDF statistics:
 48 PDF objects out of 1000 (max. 8388607)
 7 named destinations out of 1000 (max. 500000)
 46 words of extra memory for PDF output out of 10000 (max. 10000000)

