This is pdfTeX, Version 3.1415926-1.40.10 (TeX Live 2009/Debian) (format=pdflatex 2013.3.3)  16 NOV 2013 15:00
entering extended mode
 %&-line parsing enabled.
**\input masters.tex
(./masters.tex (./spie.cls
Document Class: spie 2008/01/19 v3.3 SPIE Proceedings class
(/usr/share/texmf-texlive/tex/latex/base/article.cls
Document Class: article 2007/10/19 v1.4h Standard LaTeX document class
(/usr/share/texmf-texlive/tex/latex/base/size10.clo
File: size10.clo 2007/10/19 v1.4h Standard LaTeX file (size option)
)
\c@part=\count79
\c@section=\count80
\c@subsection=\count81
\c@subsubsection=\count82
\c@paragraph=\count83
\c@subparagraph=\count84
\c@figure=\count85
\c@table=\count86
\abovecaptionskip=\skip41
\belowcaptionskip=\skip42
\bibindent=\dimen102
)
ten-point font
(/usr/share/texmf-texlive/tex/latex/base/ifthen.sty
Package: ifthen 2001/05/26 v1.1c Standard LaTeX ifthen package (DPC)
)
(/usr/share/texmf-texlive/tex/latex/cite/cite.sty
LaTeX Info: Redefining \cite on input line 285.
LaTeX Info: Redefining \nocite on input line 356.
Package: cite 2009/08/29  v 5.2
LaTeX Info: Redefining \cite on input line 437.
)
\c@theorem=\count87
)
(/usr/share/texmf-texlive/tex/latex/graphics/graphicx.sty
Package: graphicx 1999/02/16 v1.0f Enhanced LaTeX Graphics (DPC,SPQR)

(/usr/share/texmf-texlive/tex/latex/graphics/keyval.sty
Package: keyval 1999/03/16 v1.13 key=value parser (DPC)
\KV@toks@=\toks14
)
(/usr/share/texmf-texlive/tex/latex/graphics/graphics.sty
Package: graphics 2009/02/05 v1.0o Standard LaTeX Graphics (DPC,SPQR)

(/usr/share/texmf-texlive/tex/latex/graphics/trig.sty
Package: trig 1999/03/16 v1.09 sin cos tan (DPC)
)
(/etc/texmf/tex/latex/config/graphics.cfg
File: graphics.cfg 2009/08/28 v1.8 graphics configuration of TeX Live
)
Package graphics Info: Driver file: pdftex.def on input line 91.

(/usr/share/texmf-texlive/tex/latex/pdftex-def/pdftex.def
File: pdftex.def 2010/03/12 v0.04p Graphics/color for pdfTeX
\Gread@gobject=\count88
))
\Gin@req@height=\dimen103
\Gin@req@width=\dimen104
)
(/usr/share/texmf-texlive/tex/latex/subfig/subfig.sty
Package: subfig 2005/06/28 ver: 1.3 subfig package

(/usr/share/texmf-texlive/tex/latex/caption/caption.sty
Package: caption 2009/10/09 v3.1k Customizing captions (AR)

(/usr/share/texmf-texlive/tex/latex/caption/caption3.sty
Package: caption3 2009/10/09 v3.1k caption3 kernel (AR)
\captionmargin=\dimen105
\captionmargin@=\dimen106
\captionwidth=\dimen107
\caption@indent=\dimen108
\caption@parindent=\dimen109
\caption@hangindent=\dimen110
Package caption Info: Unknown document class (or package),
(caption)             standard defaults will be used on input line 1068.
)

Package caption Warning: Unsupported document class (or package) detected,
(caption)                usage of the caption package is not recommended.
See the caption package documentation for explanation.

Package caption Info: \@makecaption = \long macro:#1#2->\vskip \abovecaptionski
p \sbox \@tempboxa {{\footnotesize #1.\ }{\footnotesize #2}}\ifdim \wd \@tempbo
xa >\hsize {\footnotesize #1.\ }{\footnotesize #2 \par } \else \global \@minipa
gefalse \hb@xt@ \hsize {\hfil \box \@tempboxa \hfil }\fi \vskip \belowcaptionsk
ip .
\c@ContinuedFloat=\count89
)
\c@KVtest=\count90
\sf@farskip=\skip43
\sf@captopadj=\dimen111
\sf@capskip=\skip44
\sf@nearskip=\skip45
\c@subfigure=\count91
\c@subfigure@save=\count92
\c@lofdepth=\count93
\c@subtable=\count94
\c@subtable@save=\count95
\c@lotdepth=\count96
\sf@top=\skip46
\sf@bottom=\skip47
) (/usr/share/texmf-texlive/tex/latex/amsmath/amsmath.sty
Package: amsmath 2000/07/18 v2.13 AMS math features
\@mathmargin=\skip48

For additional information on amsmath, use the `?' option.
(/usr/share/texmf-texlive/tex/latex/amsmath/amstext.sty
Package: amstext 2000/06/29 v2.01

(/usr/share/texmf-texlive/tex/latex/amsmath/amsgen.sty
File: amsgen.sty 1999/11/30 v2.0
\@emptytoks=\toks15
\ex@=\dimen112
))
(/usr/share/texmf-texlive/tex/latex/amsmath/amsbsy.sty
Package: amsbsy 1999/11/29 v1.2d
\pmbraise@=\dimen113
)
(/usr/share/texmf-texlive/tex/latex/amsmath/amsopn.sty
Package: amsopn 1999/12/14 v2.01 operator names
)
\inf@bad=\count97
LaTeX Info: Redefining \frac on input line 211.
\uproot@=\count98
\leftroot@=\count99
LaTeX Info: Redefining \overline on input line 307.
\classnum@=\count100
\DOTSCASE@=\count101
LaTeX Info: Redefining \ldots on input line 379.
LaTeX Info: Redefining \dots on input line 382.
LaTeX Info: Redefining \cdots on input line 467.
\Mathstrutbox@=\box26
\strutbox@=\box27
\big@size=\dimen114
LaTeX Font Info:    Redeclaring font encoding OML on input line 567.
LaTeX Font Info:    Redeclaring font encoding OMS on input line 568.
\macc@depth=\count102
\c@MaxMatrixCols=\count103
\dotsspace@=\muskip10
\c@parentequation=\count104
\dspbrk@lvl=\count105
\tag@help=\toks16
\row@=\count106
\column@=\count107
\maxfields@=\count108
\andhelp@=\toks17
\eqnshift@=\dimen115
\alignsep@=\dimen116
\tagshift@=\dimen117
\tagwidth@=\dimen118
\totwidth@=\dimen119
\lineht@=\dimen120
\@envbody=\toks18
\multlinegap=\skip49
\multlinetaggap=\skip50
\mathdisplay@stack=\toks19
LaTeX Info: Redefining \[ on input line 2666.
LaTeX Info: Redefining \] on input line 2667.
)
(/usr/share/texmf-texlive/tex/latex/amsfonts/amssymb.sty
Package: amssymb 2009/06/22 v3.00

(/usr/share/texmf-texlive/tex/latex/amsfonts/amsfonts.sty
Package: amsfonts 2009/06/22 v3.00 Basic AMSFonts support
\symAMSa=\mathgroup4
\symAMSb=\mathgroup5
LaTeX Font Info:    Overwriting math alphabet `\mathfrak' in version `bold'
(Font)                  U/euf/m/n --> U/euf/b/n on input line 96.
))
(/usr/share/texmf-texlive/tex/latex/hyperref/hyperref.sty
Package: hyperref 2009/10/09 v6.79a Hypertext links for LaTeX

(/usr/share/texmf-texlive/tex/generic/oberdiek/ifpdf.sty
Package: ifpdf 2009/04/10 v2.0 Provides the ifpdf switch (HO)
Package ifpdf Info: pdfTeX in pdf mode detected.
)
(/usr/share/texmf-texlive/tex/generic/oberdiek/ifvtex.sty
Package: ifvtex 2008/11/04 v1.4 Switches for detecting VTeX and its modes (HO)
Package ifvtex Info: VTeX not detected.
)
(/usr/share/texmf-texlive/tex/generic/ifxetex/ifxetex.sty
Package: ifxetex 2009/01/23 v0.5 Provides ifxetex conditional
)
(/usr/share/texmf-texlive/tex/latex/oberdiek/hycolor.sty
Package: hycolor 2009/10/02 v1.5 Code for color options of hyperref/bookmark (H
O)

(/usr/share/texmf-texlive/tex/latex/oberdiek/xcolor-patch.sty
Package: xcolor-patch 2009/10/02 xcolor patch
))
\@linkdim=\dimen121
\Hy@linkcounter=\count109
\Hy@pagecounter=\count110

(/usr/share/texmf-texlive/tex/latex/hyperref/pd1enc.def
File: pd1enc.def 2009/10/09 v6.79a Hyperref: PDFDocEncoding definition (HO)
)
(/usr/share/texmf-texlive/tex/generic/oberdiek/etexcmds.sty
Package: etexcmds 2007/12/12 v1.2 Prefix for e-TeX command names (HO)

(/usr/share/texmf-texlive/tex/generic/oberdiek/infwarerr.sty
Package: infwarerr 2007/09/09 v1.2 Providing info/warning/message (HO)
)
Package etexcmds Info: Could not find \expanded.
(etexcmds)             That can mean that you are not using pdfTeX 1.50 or
(etexcmds)             that some package has redefined \expanded.
(etexcmds)             In the latter case, load this package earlier.
)
(/usr/share/texmf-texlive/tex/latex/latexconfig/hyperref.cfg
File: hyperref.cfg 2002/06/06 v1.2 hyperref configuration of TeXLive
)
(/usr/share/texmf-texlive/tex/latex/oberdiek/kvoptions.sty
Package: kvoptions 2009/08/13 v3.4 Keyval support for LaTeX options (HO)

(/usr/share/texmf-texlive/tex/generic/oberdiek/kvsetkeys.sty
Package: kvsetkeys 2009/07/30 v1.5 Key value parser with default handler suppor
t (HO)
))
Package hyperref Info: Hyper figures OFF on input line 2975.
Package hyperref Info: Link nesting OFF on input line 2980.
Package hyperref Info: Hyper index ON on input line 2983.
Package hyperref Info: Plain pages OFF on input line 2990.
Package hyperref Info: Backreferencing OFF on input line 2995.

Implicit mode ON; LaTeX internals redefined
Package hyperref Info: Bookmarks ON on input line 3191.
(/usr/share/texmf-texlive/tex/latex/ltxmisc/url.sty
\Urlmuskip=\muskip11
Package: url 2006/04/12  ver 3.3  Verb mode for urls, etc.
)
LaTeX Info: Redefining \url on input line 3428.

(/usr/share/texmf-texlive/tex/generic/oberdiek/bitset.sty
Package: bitset 2007/09/28 v1.0 Data type bit set (HO)

(/usr/share/texmf-texlive/tex/generic/oberdiek/intcalc.sty
Package: intcalc 2007/09/27 v1.1 Expandable integer calculations (HO)
)
(/usr/share/texmf-texlive/tex/generic/oberdiek/bigintcalc.sty
Package: bigintcalc 2007/11/11 v1.1 Expandable big integer calculations (HO)

(/usr/share/texmf-texlive/tex/generic/oberdiek/pdftexcmds.sty
Package: pdftexcmds 2009/09/23 v0.6 LuaTeX support for pdfTeX utility functions
 (HO)

(/usr/share/texmf-texlive/tex/generic/oberdiek/ifluatex.sty
Package: ifluatex 2009/04/17 v1.2 Provides the ifluatex switch (HO)
Package ifluatex Info: LuaTeX not detected.
)
(/usr/share/texmf-texlive/tex/generic/oberdiek/ltxcmds.sty
Package: ltxcmds 2009/08/05 v1.0 Some LaTeX kernel commands for general use (HO
)
)
Package pdftexcmds Info: LuaTeX not detected.
Package pdftexcmds Info: \pdf@primitive is available.
Package pdftexcmds Info: \pdf@ifprimitive is available.
)))
\Fld@menulength=\count111
\Field@Width=\dimen122
\Fld@charsize=\dimen123
\Field@toks=\toks20
Package hyperref Info: Hyper figures OFF on input line 4377.
Package hyperref Info: Link nesting OFF on input line 4382.
Package hyperref Info: Hyper index ON on input line 4385.
Package hyperref Info: backreferencing OFF on input line 4392.
Package hyperref Info: Link coloring OFF on input line 4397.
Package hyperref Info: Link coloring with OCG OFF on input line 4402.
Package hyperref Info: PDF/A mode OFF on input line 4407.

(/usr/share/texmf-texlive/tex/generic/oberdiek/atbegshi.sty
Package: atbegshi 2008/07/31 v1.9 At begin shipout hook (HO)
)
\Hy@abspage=\count112
\c@Item=\count113
\c@Hfootnote=\count114
)
*hyperref using default driver hpdftex*
(/usr/share/texmf-texlive/tex/latex/hyperref/hpdftex.def
File: hpdftex.def 2009/10/09 v6.79a Hyperref driver for pdfTeX
\Fld@listcount=\count115
)
(/usr/share/texmf-texlive/tex/latex/float/float.sty
Package: float 2001/11/08 v1.3d Float enhancements (AL)
\c@float@type=\count116
\float@exts=\toks21
\float@box=\box28
\@float@everytoks=\toks22
\@floatcapt=\box29
)
(/usr/share/texmf-texlive/tex/latex/multirow/multirow.sty
\bigstrutjot=\dimen124
) (./masters.aux)
\openout1 = `masters.aux'.

LaTeX Font Info:    Checking defaults for OML/cmm/m/it on input line 18.
LaTeX Font Info:    ... okay on input line 18.
LaTeX Font Info:    Checking defaults for T1/cmr/m/n on input line 18.
LaTeX Font Info:    ... okay on input line 18.
LaTeX Font Info:    Checking defaults for OT1/cmr/m/n on input line 18.
LaTeX Font Info:    ... okay on input line 18.
LaTeX Font Info:    Checking defaults for OMS/cmsy/m/n on input line 18.
LaTeX Font Info:    ... okay on input line 18.
LaTeX Font Info:    Checking defaults for OMX/cmex/m/n on input line 18.
LaTeX Font Info:    ... okay on input line 18.
LaTeX Font Info:    Checking defaults for U/cmr/m/n on input line 18.
LaTeX Font Info:    ... okay on input line 18.
LaTeX Font Info:    Checking defaults for PD1/pdf/m/n on input line 18.
LaTeX Font Info:    ... okay on input line 18.

(/usr/share/texmf-texlive/tex/context/base/supp-pdf.mkii
[Loading MPS to PDF converter (version 2006.09.02).]
\scratchcounter=\count117
\scratchdimen=\dimen125
\scratchbox=\box30
\nofMPsegments=\count118
\nofMParguments=\count119
\everyMPshowfont=\toks23
\MPscratchCnt=\count120
\MPscratchDim=\dimen126
\MPnumerator=\count121
\everyMPtoPDFconversion=\toks24
)
Package caption Info: Begin \AtBeginDocument code.
Package caption3 Info: subfig package 1.2 or 1.3 is loaded.
LaTeX Info: Redefining \subref on input line 18.
Package caption Info: float package is loaded.
Package caption Info: hyperref package is loaded.
Package caption Info: End \AtBeginDocument code.
Package hyperref Info: Link coloring OFF on input line 18.
 (/usr/share/texmf-texlive/tex/latex/hyperref/nameref.sty
Package: nameref 2007/05/29 v2.31 Cross-referencing by name of section

(/usr/share/texmf-texlive/tex/latex/oberdiek/refcount.sty
Package: refcount 2008/08/11 v3.1 Data extraction from references (HO)
)
\c@section@level=\count122
)
LaTeX Info: Redefining \ref on input line 18.
LaTeX Info: Redefining \pageref on input line 18.
 (./masters.out)
(./masters.out)
\@outlinefile=\write3
\openout3 = `masters.out'.

\AtBeginShipoutBox=\box31

cmr-font_in_spiecls
10pt
LaTeX Font Info:    Try loading font information for U+msa on input line 60.
(/usr/share/texmf-texlive/tex/latex/amsfonts/umsa.fd
File: umsa.fd 2009/06/22 v3.00 AMS symbols A
)
LaTeX Font Info:    Try loading font information for U+msb on input line 60.

(/usr/share/texmf-texlive/tex/latex/amsfonts/umsb.fd
File: umsb.fd 2009/06/22 v3.00 AMS symbols B
)
<flowchart.jpg, id=87, 950.55125pt x 610.28pt>
File: flowchart.jpg Graphic file (type jpg)
 <use flowchart.jpg> [1

{/var/lib/texmf/fonts/map/pdftex/updmap/pdftex.map}]
<backpackCAD.png, id=110, 702.625pt x 602.25pt>
File: backpackCAD.png Graphic file (type png)
 <use backpackCAD.png> [2 <./flowchart.jpg> <./backpackCAD.png>]
<geomdeskwire_crop.png, id=127, 325.215pt x 462.22687pt>
File: geomdeskwire_crop.png Graphic file (type png)

<use geomdeskwire_crop.png>
<geomdeskregions_crop.png, id=128, 323.70938pt x 460.72125pt>
File: geomdeskregions_crop.png Graphic file (type png)

<use geomdeskregions_crop.png>
<geomdesktexturetris_crop.png, id=129, 325.215pt x 462.22687pt>
File: geomdesktexturetris_crop.png Graphic file (type png)

<use geomdesktexturetris_crop.png> [3 <./geomdeskwire_crop.png> <./geomdeskregi
ons_crop.png> <./geomdesktexturetris_crop.png>]
<graphApproach.jpg, id=156, 1535.7375pt x 150.5625pt>
File: graphApproach.jpg Graphic file (type jpg)
 <use graphApproach.jpg>
<autostitchResult.jpg, id=158, 1375.1375pt x 150.5625pt>
File: autostitchResult.jpg Graphic file (type jpg)

<use autostitchResult.jpg> <finalLong.jpg, id=160, 5977.33125pt x 577.15625pt>
File: finalLong.jpg Graphic file (type jpg)

<use finalLong.jpg> [4] <Projection.pdf, id=183, 371.72507pt x 334.35416pt>
File: Projection.pdf Graphic file (type pdf)

<use Projection.pdf> <scoringFunction.jpg, id=184, 230.5413pt x 193.6836pt>
File: scoringFunction.jpg Graphic file (type jpg)

<use scoringFunction.jpg> [5 <./graphApproach.jpg> <./autostitchResult.jpg> <./
finalLong.jpg>] <wall2_naive.jpg, id=202, 1403.2425pt x 587.19376pt>
File: wall2_naive.jpg Graphic file (type jpg)

<use wall2_naive.jpg>
<wall2_naive_shift.jpg, id=203, 1403.2425pt x 587.19376pt>
File: wall2_naive_shift.jpg Graphic file (type jpg)

<use wall2_naive_shift.jpg>
Overfull \hbox (3.57668pt too wide) in paragraph at lines 419--422
 [][][][] 
 []

<wall2_cache_shift.jpg, id=204, 1403.2425pt x 587.19376pt>
File: wall2_cache_shift.jpg Graphic file (type jpg)

<use wall2_cache_shift.jpg>
<wall2_shortest_shift.pdf, id=205, 701.62125pt x 294.09875pt>
File: wall2_shortest_shift.pdf Graphic file (type pdf)

<use wall2_shortest_shift.pdf>
Overfull \hbox (3.59808pt too wide) in paragraph at lines 424--427
 [][][][] 
 []

<wall2_cache_shift_blend.pdf, id=206, 701.62125pt x 294.09875pt>
File: wall2_cache_shift_blend.pdf Graphic file (type pdf)

<use wall2_cache_shift_blend.pdf>
<wall2_shortest_shift_blend.pdf, id=207, 701.62125pt x 294.09875pt>
File: wall2_shortest_shift_blend.pdf Graphic file (type pdf)

<use wall2_shortest_shift_blend.pdf>
Overfull \hbox (3.61949pt too wide) in paragraph at lines 429--432
 [][][][] 
 []

<wall2_cache_comparison.png, id=208, 701.62125pt x 701.62125pt>
File: wall2_cache_comparison.png Graphic file (type png)

<use wall2_cache_comparison.png>
<wall2_shortest_comparison.png, id=209, 701.62125pt x 701.62125pt>
File: wall2_shortest_comparison.png Graphic file (type png)

<use wall2_shortest_comparison.png>
Overfull \hbox (3.61949pt too wide) in paragraph at lines 434--437
 [][][][] 
 []


LaTeX Warning: Float too large for page by 13.24808pt on input line 444.

[6 <./Projection.pdf> <./scoringFunction.jpg>] [7 <./wall2_naive.jpg> <./wall2_
naive_shift.jpg> <./wall2_cache_shift.jpg> <./wall2_shortest_shift.pdf> <./wall
2_cache_shift_blend.pdf> <./wall2_shortest_shift_blend.pdf> <./wall2_cache_comp
arison.png (PNG copy)> <./wall2_shortest_comparison.png (PNG copy)>]
<allunshifted.jpg, id=386, 5452.37pt x 1944.26375pt>
File: allunshifted.jpg Graphic file (type jpg)
 <use allunshifted.jpg>
<allshifted.jpg, id=387, 5452.37pt x 1944.26375pt>
File: allshifted.jpg Graphic file (type jpg)
 <use allshifted.jpg>
<matchLines.jpg, id=388, 1014.79124pt x 688.5725pt>
File: matchLines.jpg Graphic file (type jpg)
 <use matchLines.jpg>

LaTeX Warning: Float too large for page by 29.53188pt on input line 504.

<occlusiondiagram.png, id=400, 264.99pt x 164.86594pt>
File: occlusiondiagram.png Graphic file (type png)

<use occlusiondiagram.png>
<occlusionimagebad.png, id=401, 829.59938pt x 365.11406pt>
File: occlusionimagebad.png Graphic file (type png)

<use occlusionimagebad.png>
<occlusionimagegood.png, id=403, 826.58812pt x 360.59718pt>
File: occlusionimagegood.png Graphic file (type png)

<use occlusionimagegood.png> [8] [9 <./matchLines.jpg> <./allunshifted.jpg> <./
allshifted.jpg>] [10 <./occlusionimagebad.png (PNG copy)> <./occlusionimagegood
.png (PNG copy)> <./occlusiondiagram.png (PNG copy)>] [11]
<projectionWall.pdf, id=471, 312.16624pt x 304.13625pt>
File: projectionWall.pdf Graphic file (type pdf)

<use projectionWall.pdf>
<projectionCeiling.pdf, id=473, 479.7925pt x 295.1025pt>
File: projectionCeiling.pdf Graphic file (type pdf)

<use projectionCeiling.pdf>
<projectionWallCrop.pdf, id=475, 272.01625pt x 287.0725pt>
File: projectionWallCrop.pdf Graphic file (type pdf)

<use projectionWallCrop.pdf> [12 <./projectionWall.pdf> <./projectionCeiling.pd
f> <./projectionWallCrop.pdf>] <dagCreation.pdf, id=521, 481.8pt x 154.5775pt>
File: dagCreation.pdf Graphic file (type pdf)

<use dagCreation.pdf> <exposureDiff1.png, id=531, 1589.94pt x 758.835pt>
File: exposureDiff1.png Graphic file (type png)

<use exposureDiff1.png> <exposureDiff2.png, id=532, 1589.94pt x 758.835pt>
File: exposureDiff2.png Graphic file (type png)

<use exposureDiff2.png> [13 <./dagCreation.pdf>] [14 <./exposureDiff1.png> <./e
xposureDiff2.png>] <results_swarm_3_v.png, id=582, 1927.2pt x 1084.05pt>
File: results_swarm_3_v.png Graphic file (type png)

<use results_swarm_3_v.png>
<results_swarm_3_2d.png, id=583, 1927.2pt x 1084.05pt>
File: results_swarm_3_2d.png Graphic file (type png)

<use results_swarm_3_2d.png>
<results_swarm_3_3d.png, id=584, 1686.3pt x 1053.9375pt>
File: results_swarm_3_3d.png Graphic file (type png)

<use results_swarm_3_3d.png>
<results_swarm_2_v.png, id=585, 1927.2pt x 1084.05pt>
File: results_swarm_2_v.png Graphic file (type png)

<use results_swarm_2_v.png>
<results_swarm_2_2d.png, id=586, 1927.2pt x 1084.05pt>
File: results_swarm_2_2d.png Graphic file (type png)

<use results_swarm_2_2d.png>
<results_swarm_2_3d.png, id=587, 1686.3pt x 1053.9375pt>
File: results_swarm_2_3d.png Graphic file (type png)

<use results_swarm_2_3d.png>
<results_swarm_5_v.png, id=588, 1927.2pt x 1084.05pt>
File: results_swarm_5_v.png Graphic file (type png)

<use results_swarm_5_v.png>
<results_swarm_5_2d.png, id=589, 1927.2pt x 1084.05pt>
File: results_swarm_5_2d.png Graphic file (type png)

<use results_swarm_5_2d.png>
<results_swarm_5_3d.png, id=590, 1686.3pt x 1053.9375pt>
File: results_swarm_5_3d.png Graphic file (type png)

<use results_swarm_5_3d.png> <results_p15_v.png, id=595, 1927.2pt x 1084.05pt>
File: results_p15_v.png Graphic file (type png)

<use results_p15_v.png> <results_p15_2d.png, id=596, 1927.2pt x 1084.05pt>
File: results_p15_2d.png Graphic file (type png)

<use results_p15_2d.png>
<results_houston_1_2d.png, id=598, 1686.3pt x 1053.9375pt>
File: results_houston_1_2d.png Graphic file (type png)

<use results_houston_1_2d.png>
<results_houston_1_3d.png, id=599, 1686.3pt x 1053.9375pt>
File: results_houston_1_3d.png Graphic file (type png)

<use results_houston_1_3d.png>
<results_houston_2_2d.png, id=600, 1686.3pt x 1053.9375pt>
File: results_houston_2_2d.png Graphic file (type png)

<use results_houston_2_2d.png>
<results_houston_2_3d.png, id=601, 1686.3pt x 1053.9375pt>
File: results_houston_2_3d.png Graphic file (type png)

<use results_houston_2_3d.png>
<results_houston_3_2d.png, id=602, 1686.3pt x 1053.9375pt>
File: results_houston_3_2d.png Graphic file (type png)

<use results_houston_3_2d.png>
<results_houston_3_3d.png, id=603, 1686.3pt x 1053.9375pt>
File: results_houston_3_3d.png Graphic file (type png)

<use results_houston_3_3d.png> [15] [16 <./results_swarm_3_v.png (PNG copy)> <.
/results_swarm_3_2d.png (PNG copy)> <./results_swarm_3_3d.png (PNG copy)> <./re
sults_swarm_2_v.png (PNG copy)> <./results_swarm_2_2d.png (PNG copy)> <./result
s_swarm_2_3d.png (PNG copy)> <./results_swarm_5_v.png (PNG copy)> <./results_sw
arm_5_2d.png (PNG copy)> <./results_swarm_5_3d.png (PNG copy)> <./results_p15_v
.png (PNG copy)> <./results_p15_2d.png (PNG copy)>] [17 <./results_houston_1_2d
.png (PNG copy)> <./results_houston_1_3d.png (PNG copy)> <./results_houston_2_2
d.png (PNG copy)> <./results_houston_2_3d.png (PNG copy)> <./results_houston_3_
2d.png (PNG copy)> <./results_houston_3_3d.png (PNG copy)>]
<finalfloors.jpg, id=643, 3792.1675pt x 1441.385pt>
File: finalfloors.jpg Graphic file (type jpg)
 <use finalfloors.jpg>
<finalceilings.jpg, id=644, 2308.625pt x 1104.125pt>
File: finalceilings.jpg Graphic file (type jpg)
 <use finalceilings.jpg>
<floorcropped.jpg, id=645, 2693.06125pt x 2148.025pt>
File: floorcropped.jpg Graphic file (type jpg)
 <use floorcropped.jpg>
<pier15floor.jpg, id=646, 3608.48125pt x 2465.21pt>
File: pier15floor.jpg Graphic file (type jpg)
 <use pier15floor.jpg>
<threestoryfull2.png, id=647, 1169.11781pt x 676.02562pt>
File: threestoryfull2.png Graphic file (type png)

<use threestoryfull2.png>
<threestoryfull.png, id=648, 1028.34187pt x 588.69937pt>
File: threestoryfull.png Graphic file (type png)

<use threestoryfull.png> <fullmodel.png, id=649, 1242.14063pt x 639.89063pt>
File: fullmodel.png Graphic file (type png)

<use fullmodel.png> <pier15.png, id=650, 768.62157pt x 389.20406pt>
File: pier15.png Graphic file (type png)

<use pier15.png> <houston2d1.png, id=651, 1686.3pt x 1053.9375pt>
File: houston2d1.png Graphic file (type png)

<use houston2d1.png> <houston2d2.png, id=652, 1686.3pt x 1053.9375pt>
File: houston2d2.png Graphic file (type png)

<use houston2d2.png> <houston3.png, id=653, 1284.8pt x 722.7pt>
File: houston3.png Graphic file (type png)

<use houston3.png>

LaTeX Warning: Float too large for page by 32.76816pt on input line 1280.

<coryf2.jpg, id=654, 645.91313pt x 290.58563pt>
File: coryf2.jpg Graphic file (type jpg)
 <use coryf2.jpg>
<coryf2_2d_1.png, id=655, 1927.2pt x 1084.05pt>
File: coryf2_2d_1.png Graphic file (type png)
 <use coryf2_2d_1.png>
<coryf2_2d_2.png, id=656, 1927.2pt x 1084.05pt>
File: coryf2_2d_2.png Graphic file (type png)
 <use coryf2_2d_2.png>

LaTeX Warning: Float too large for page by 32.78458pt on input line 1290.

<office.png, id=657, 903.375pt x 582.175pt>
File: office.png Graphic file (type png)
 <use office.png>
<office1.png, id=658, 1445.4pt x 697.8572pt>
File: office1.png Graphic file (type png)
 <use office1.png>
<office2.png, id=659, 1445.4pt x 697.8572pt>
File: office2.png Graphic file (type png)
 <use office2.png>

LaTeX Warning: Float too large for page by 32.79008pt on input line 1300.

<bhh1.png, id=660, 1686.3pt x 1053.9375pt>
File: bhh1.png Graphic file (type png)
 <use bhh1.png>
<bhh2.png, id=661, 1686.3pt x 1053.9375pt>
File: bhh2.png Graphic file (type png)
 <use bhh2.png>
<bhh3.png, id=662, 1686.3pt x 1053.9375pt>
File: bhh3.png Graphic file (type png)
 <use bhh3.png>

LaTeX Warning: Float too large for page by 32.75484pt on input line 1310.

<houston1.jpg, id=663, 1194.71344pt x 465.23813pt>
File: houston1.jpg Graphic file (type jpg)
 <use houston1.jpg>
<houston2.jpg, id=664, 1228.59pt x 774.64406pt>
File: houston2.jpg Graphic file (type jpg)
 <use houston2.jpg>
<houston3d2.png, id=665, 1686.3pt x 1053.9375pt>
File: houston3d2.png Graphic file (type png)
 <use houston3d2.png>

LaTeX Warning: Float too large for page by 32.77156pt on input line 1324.

<coryf2_3d_4.png, id=666, 1927.2pt x 1084.05pt>
File: coryf2_3d_4.png Graphic file (type png)
 <use coryf2_3d_4.png>
<coryf2_3d_2.png, id=667, 1927.2pt x 1084.05pt>
File: coryf2_3d_2.png Graphic file (type png)
 <use coryf2_3d_2.png>
<coryf2_3d_3.png, id=668, 1927.2pt x 1084.05pt>
File: coryf2_3d_3.png Graphic file (type png)
 <use coryf2_3d_3.png>

LaTeX Warning: Float too large for page by 32.77827pt on input line 1333.

<bhh3d1.png, id=669, 1686.3pt x 1053.9375pt>
File: bhh3d1.png Graphic file (type png)
 <use bhh3d1.png>
<bhh3d2.png, id=670, 1686.3pt x 1053.9375pt>
File: bhh3d2.png Graphic file (type png)
 <use bhh3d2.png>
<bhh3d3.png, id=671, 1686.3pt x 1053.9375pt>
File: bhh3d3.png Graphic file (type png)
 <use bhh3d3.png>

LaTeX Warning: Float too large for page by 32.75484pt on input line 1342.

(./masters.bbl [18] [19 <./finalfloors.jpg> <./finalceilings.jpg> <./floorcropp
ed.jpg> <./pier15floor.jpg>] [20 <./threestoryfull2.png (PNG copy)> <./threesto
ryfull.png (PNG copy)>] [21 <./fullmodel.png> <./pier15.png (PNG copy)>]
[22 <./houston2d1.png (PNG copy)> <./houston2d2.png (PNG copy)> <./houston3.png
 (PNG copy)>] [23 <./coryf2.jpg> <./coryf2_2d_1.png (PNG copy)> <./coryf2_2d_2.
png (PNG copy)>] [24 <./office.png> <./office1.png (PNG copy)> <./office2.png (
PNG copy)>] [25 <./bhh1.png (PNG copy)> <./bhh2.png (PNG copy)> <./bhh3.png (PN
G copy)>] [26 <./houston1.jpg> <./houston2.jpg> <./houston3d2.png (PNG copy)>]
[27 <./coryf2_3d_4.png (PNG copy)> <./coryf2_3d_2.png (PNG copy)> <./coryf2_3d_
3.png (PNG copy)>] [28 <./bhh3d1.png (PNG copy)> <./bhh3d2.png (PNG copy)> <./b
hh3d3.png (PNG copy)>]
LaTeX Font Info:    Try loading font information for OMS+cmr on input line 41.
 (/usr/share/texmf-texlive/tex/latex/base/omscmr.fd
File: omscmr.fd 1999/05/25 v2.5h Standard LaTeX font definitions
)
LaTeX Font Info:    Font shape `OMS/cmr/m/it' in size <10> not available
(Font)              Font shape `OMS/cmsy/m/n' tried instead on input line 41.
LaTeX Font Info:    Font shape `OMS/cmr/m/n' in size <10> not available
(Font)              Font shape `OMS/cmsy/m/n' tried instead on input line 41.
Missing character: There is no Å in font cmr10!
Missing character: There is no ¡ in font cmr10!
Missing character: There is no Ã in font cmr10!
Missing character: There is no ¡ in font cmr10!
)
[29] (./masters.aux) ) 
Here is how much of TeX's memory you used:
 6910 strings out of 493848
 102940 string characters out of 1152824
 192493 words of memory out of 3000000
 9871 multiletter control sequences out of 15000+50000
 10643 words of font info for 42 fonts, out of 3000000 for 9000
 714 hyphenation exceptions out of 8191
 44i,21n,45p,690b,519s stack positions out of 5000i,500n,10000p,200000b,50000s
</usr/share/texmf-texlive/fonts/type1/public/amsfonts/cm/
cmbx10.pfb></usr/share/texmf-texlive/fonts/type1/public/amsfonts/cm/cmbx12.pfb>
</usr/share/texmf-texlive/fonts/type1/public/amsfonts/cm/cmex10.pfb></usr/share
/texmf-texlive/fonts/type1/public/amsfonts/cm/cmmi10.pfb></usr/share/texmf-texl
ive/fonts/type1/public/amsfonts/cm/cmmi7.pfb></usr/share/texmf-texlive/fonts/ty
pe1/public/amsfonts/cm/cmr10.pfb></usr/share/texmf-texlive/fonts/type1/public/a
msfonts/cm/cmr12.pfb></usr/share/texmf-texlive/fonts/type1/public/amsfonts/cm/c
mr5.pfb></usr/share/texmf-texlive/fonts/type1/public/amsfonts/cm/cmr7.pfb></usr
/share/texmf-texlive/fonts/type1/public/amsfonts/cm/cmr9.pfb></usr/share/texmf-
texlive/fonts/type1/public/amsfonts/cm/cmsy10.pfb></usr/share/texmf-texlive/fon
ts/type1/public/amsfonts/cm/cmsy6.pfb></usr/share/texmf-texlive/fonts/type1/pub
lic/amsfonts/cm/cmsy7.pfb></usr/share/texmf-texlive/fonts/type1/public/amsfonts
/cm/cmti10.pfb></usr/share/texmf-texlive/fonts/type1/public/amsfonts/cm/cmtt10.
pfb></usr/share/texmf-texlive/fonts/type1/public/amsfonts/cm/cmtt9.pfb>
Output written on masters.pdf (29 pages, 73826176 bytes).
PDF statistics:
 834 PDF objects out of 1000 (max. 8388607)
 139 named destinations out of 1000 (max. 500000)
 577 words of extra memory for PDF output out of 10000 (max. 10000000)

