This is pdfTeX, Version 3.1415926-1.40.10 (TeX Live 2009/Debian) (format=pdflatex 2012.6.12)  20 JAN 2013 12:02
entering extended mode
 %&-line parsing enabled.
**\input paper.tex
(./paper.tex (./spie.cls
Document Class: spie 2008/01/19 v3.3 SPIE Proceedings class
(/usr/share/texmf-texlive/tex/latex/base/article.cls
Document Class: article 2007/10/19 v1.4h Standard LaTeX document class
(/usr/share/texmf-texlive/tex/latex/base/size10.clo
File: size10.clo 2007/10/19 v1.4h Standard LaTeX file (size option)
)
\c@part=\count79
\c@section=\count80
\c@subsection=\count81
\c@subsubsection=\count82
\c@paragraph=\count83
\c@subparagraph=\count84
\c@figure=\count85
\c@table=\count86
\abovecaptionskip=\skip41
\belowcaptionskip=\skip42
\bibindent=\dimen102
)
ten-point font
(/usr/share/texmf-texlive/tex/latex/base/ifthen.sty
Package: ifthen 2001/05/26 v1.1c Standard LaTeX ifthen package (DPC)
)
(/usr/share/texmf-texlive/tex/latex/cite/cite.sty
LaTeX Info: Redefining \cite on input line 285.
LaTeX Info: Redefining \nocite on input line 356.
Package: cite 2009/08/29  v 5.2
LaTeX Info: Redefining \cite on input line 437.
)
\c@theorem=\count87
)
(/usr/share/texmf-texlive/tex/latex/graphics/graphicx.sty
Package: graphicx 1999/02/16 v1.0f Enhanced LaTeX Graphics (DPC,SPQR)

(/usr/share/texmf-texlive/tex/latex/graphics/keyval.sty
Package: keyval 1999/03/16 v1.13 key=value parser (DPC)
\KV@toks@=\toks14
)
(/usr/share/texmf-texlive/tex/latex/graphics/graphics.sty
Package: graphics 2009/02/05 v1.0o Standard LaTeX Graphics (DPC,SPQR)

(/usr/share/texmf-texlive/tex/latex/graphics/trig.sty
Package: trig 1999/03/16 v1.09 sin cos tan (DPC)
)
(/etc/texmf/tex/latex/config/graphics.cfg
File: graphics.cfg 2009/08/28 v1.8 graphics configuration of TeX Live
)
Package graphics Info: Driver file: pdftex.def on input line 91.

(/usr/share/texmf-texlive/tex/latex/pdftex-def/pdftex.def
File: pdftex.def 2010/03/12 v0.04p Graphics/color for pdfTeX
\Gread@gobject=\count88
))
\Gin@req@height=\dimen103
\Gin@req@width=\dimen104
)
(/usr/share/texmf-texlive/tex/latex/subfig/subfig.sty
Package: subfig 2005/06/28 ver: 1.3 subfig package

(/usr/share/texmf-texlive/tex/latex/caption/caption.sty
Package: caption 2009/10/09 v3.1k Customizing captions (AR)

(/usr/share/texmf-texlive/tex/latex/caption/caption3.sty
Package: caption3 2009/10/09 v3.1k caption3 kernel (AR)
\captionmargin=\dimen105
\captionmargin@=\dimen106
\captionwidth=\dimen107
\caption@indent=\dimen108
\caption@parindent=\dimen109
\caption@hangindent=\dimen110
Package caption Info: Unknown document class (or package),
(caption)             standard defaults will be used on input line 1068.
)

Package caption Warning: Unsupported document class (or package) detected,
(caption)                usage of the caption package is not recommended.
See the caption package documentation for explanation.

Package caption Info: \@makecaption = \long macro:#1#2->\vskip \abovecaptionski
p \sbox \@tempboxa {{\footnotesize #1.\ }{\footnotesize #2}}\ifdim \wd \@tempbo
xa >\hsize {\footnotesize #1.\ }{\footnotesize #2 \par } \else \global \@minipa
gefalse \hb@xt@ \hsize {\hfil \box \@tempboxa \hfil }\fi \vskip \belowcaptionsk
ip .
\c@ContinuedFloat=\count89
)
\c@KVtest=\count90
\sf@farskip=\skip43
\sf@captopadj=\dimen111
\sf@capskip=\skip44
\sf@nearskip=\skip45
\c@subfigure=\count91
\c@subfigure@save=\count92
\c@lofdepth=\count93
\c@subtable=\count94
\c@subtable@save=\count95
\c@lotdepth=\count96
\sf@top=\skip46
\sf@bottom=\skip47
) (/usr/share/texmf-texlive/tex/latex/amsmath/amsmath.sty
Package: amsmath 2000/07/18 v2.13 AMS math features
\@mathmargin=\skip48

For additional information on amsmath, use the `?' option.
(/usr/share/texmf-texlive/tex/latex/amsmath/amstext.sty
Package: amstext 2000/06/29 v2.01

(/usr/share/texmf-texlive/tex/latex/amsmath/amsgen.sty
File: amsgen.sty 1999/11/30 v2.0
\@emptytoks=\toks15
\ex@=\dimen112
))
(/usr/share/texmf-texlive/tex/latex/amsmath/amsbsy.sty
Package: amsbsy 1999/11/29 v1.2d
\pmbraise@=\dimen113
)
(/usr/share/texmf-texlive/tex/latex/amsmath/amsopn.sty
Package: amsopn 1999/12/14 v2.01 operator names
)
\inf@bad=\count97
LaTeX Info: Redefining \frac on input line 211.
\uproot@=\count98
\leftroot@=\count99
LaTeX Info: Redefining \overline on input line 307.
\classnum@=\count100
\DOTSCASE@=\count101
LaTeX Info: Redefining \ldots on input line 379.
LaTeX Info: Redefining \dots on input line 382.
LaTeX Info: Redefining \cdots on input line 467.
\Mathstrutbox@=\box26
\strutbox@=\box27
\big@size=\dimen114
LaTeX Font Info:    Redeclaring font encoding OML on input line 567.
LaTeX Font Info:    Redeclaring font encoding OMS on input line 568.
\macc@depth=\count102
\c@MaxMatrixCols=\count103
\dotsspace@=\muskip10
\c@parentequation=\count104
\dspbrk@lvl=\count105
\tag@help=\toks16
\row@=\count106
\column@=\count107
\maxfields@=\count108
\andhelp@=\toks17
\eqnshift@=\dimen115
\alignsep@=\dimen116
\tagshift@=\dimen117
\tagwidth@=\dimen118
\totwidth@=\dimen119
\lineht@=\dimen120
\@envbody=\toks18
\multlinegap=\skip49
\multlinetaggap=\skip50
\mathdisplay@stack=\toks19
LaTeX Info: Redefining \[ on input line 2666.
LaTeX Info: Redefining \] on input line 2667.
)
(/usr/share/texmf-texlive/tex/latex/amsfonts/amssymb.sty
Package: amssymb 2009/06/22 v3.00

(/usr/share/texmf-texlive/tex/latex/amsfonts/amsfonts.sty
Package: amsfonts 2009/06/22 v3.00 Basic AMSFonts support
\symAMSa=\mathgroup4
\symAMSb=\mathgroup5
LaTeX Font Info:    Overwriting math alphabet `\mathfrak' in version `bold'
(Font)                  U/euf/m/n --> U/euf/b/n on input line 96.
))
(/usr/share/texmf-texlive/tex/latex/hyperref/hyperref.sty
Package: hyperref 2009/10/09 v6.79a Hypertext links for LaTeX

(/usr/share/texmf-texlive/tex/generic/oberdiek/ifpdf.sty
Package: ifpdf 2009/04/10 v2.0 Provides the ifpdf switch (HO)
Package ifpdf Info: pdfTeX in pdf mode detected.
)
(/usr/share/texmf-texlive/tex/generic/oberdiek/ifvtex.sty
Package: ifvtex 2008/11/04 v1.4 Switches for detecting VTeX and its modes (HO)
Package ifvtex Info: VTeX not detected.
)
(/usr/share/texmf-texlive/tex/generic/ifxetex/ifxetex.sty
Package: ifxetex 2009/01/23 v0.5 Provides ifxetex conditional
)
(/usr/share/texmf-texlive/tex/latex/oberdiek/hycolor.sty
Package: hycolor 2009/10/02 v1.5 Code for color options of hyperref/bookmark (H
O)

(/usr/share/texmf-texlive/tex/latex/oberdiek/xcolor-patch.sty
Package: xcolor-patch 2009/10/02 xcolor patch
))
\@linkdim=\dimen121
\Hy@linkcounter=\count109
\Hy@pagecounter=\count110

(/usr/share/texmf-texlive/tex/latex/hyperref/pd1enc.def
File: pd1enc.def 2009/10/09 v6.79a Hyperref: PDFDocEncoding definition (HO)
)
(/usr/share/texmf-texlive/tex/generic/oberdiek/etexcmds.sty
Package: etexcmds 2007/12/12 v1.2 Prefix for e-TeX command names (HO)

(/usr/share/texmf-texlive/tex/generic/oberdiek/infwarerr.sty
Package: infwarerr 2007/09/09 v1.2 Providing info/warning/message (HO)
)
Package etexcmds Info: Could not find \expanded.
(etexcmds)             That can mean that you are not using pdfTeX 1.50 or
(etexcmds)             that some package has redefined \expanded.
(etexcmds)             In the latter case, load this package earlier.
)
(/usr/share/texmf-texlive/tex/latex/latexconfig/hyperref.cfg
File: hyperref.cfg 2002/06/06 v1.2 hyperref configuration of TeXLive
)
(/usr/share/texmf-texlive/tex/latex/oberdiek/kvoptions.sty
Package: kvoptions 2009/08/13 v3.4 Keyval support for LaTeX options (HO)

(/usr/share/texmf-texlive/tex/generic/oberdiek/kvsetkeys.sty
Package: kvsetkeys 2009/07/30 v1.5 Key value parser with default handler suppor
t (HO)
))
Package hyperref Info: Hyper figures OFF on input line 2975.
Package hyperref Info: Link nesting OFF on input line 2980.
Package hyperref Info: Hyper index ON on input line 2983.
Package hyperref Info: Plain pages OFF on input line 2990.
Package hyperref Info: Backreferencing OFF on input line 2995.

Implicit mode ON; LaTeX internals redefined
Package hyperref Info: Bookmarks ON on input line 3191.
(/usr/share/texmf-texlive/tex/latex/ltxmisc/url.sty
\Urlmuskip=\muskip11
Package: url 2006/04/12  ver 3.3  Verb mode for urls, etc.
)
LaTeX Info: Redefining \url on input line 3428.

(/usr/share/texmf-texlive/tex/generic/oberdiek/bitset.sty
Package: bitset 2007/09/28 v1.0 Data type bit set (HO)

(/usr/share/texmf-texlive/tex/generic/oberdiek/intcalc.sty
Package: intcalc 2007/09/27 v1.1 Expandable integer calculations (HO)
)
(/usr/share/texmf-texlive/tex/generic/oberdiek/bigintcalc.sty
Package: bigintcalc 2007/11/11 v1.1 Expandable big integer calculations (HO)

(/usr/share/texmf-texlive/tex/generic/oberdiek/pdftexcmds.sty
Package: pdftexcmds 2009/09/23 v0.6 LuaTeX support for pdfTeX utility functions
 (HO)

(/usr/share/texmf-texlive/tex/generic/oberdiek/ifluatex.sty
Package: ifluatex 2009/04/17 v1.2 Provides the ifluatex switch (HO)
Package ifluatex Info: LuaTeX not detected.
)
(/usr/share/texmf-texlive/tex/generic/oberdiek/ltxcmds.sty
Package: ltxcmds 2009/08/05 v1.0 Some LaTeX kernel commands for general use (HO
)
)
Package pdftexcmds Info: LuaTeX not detected.
Package pdftexcmds Info: \pdf@primitive is available.
Package pdftexcmds Info: \pdf@ifprimitive is available.
)))
\Fld@menulength=\count111
\Field@Width=\dimen122
\Fld@charsize=\dimen123
\Field@toks=\toks20
Package hyperref Info: Hyper figures OFF on input line 4377.
Package hyperref Info: Link nesting OFF on input line 4382.
Package hyperref Info: Hyper index ON on input line 4385.
Package hyperref Info: backreferencing OFF on input line 4392.
Package hyperref Info: Link coloring OFF on input line 4397.
Package hyperref Info: Link coloring with OCG OFF on input line 4402.
Package hyperref Info: PDF/A mode OFF on input line 4407.

(/usr/share/texmf-texlive/tex/generic/oberdiek/atbegshi.sty
Package: atbegshi 2008/07/31 v1.9 At begin shipout hook (HO)
)
\Hy@abspage=\count112
\c@Item=\count113
\c@Hfootnote=\count114
)
*hyperref using default driver hpdftex*
(/usr/share/texmf-texlive/tex/latex/hyperref/hpdftex.def
File: hpdftex.def 2009/10/09 v6.79a Hyperref driver for pdfTeX
\Fld@listcount=\count115
) (./paper.aux)
\openout1 = `paper.aux'.

LaTeX Font Info:    Checking defaults for OML/cmm/m/it on input line 52.
LaTeX Font Info:    ... okay on input line 52.
LaTeX Font Info:    Checking defaults for T1/cmr/m/n on input line 52.
LaTeX Font Info:    ... okay on input line 52.
LaTeX Font Info:    Checking defaults for OT1/cmr/m/n on input line 52.
LaTeX Font Info:    ... okay on input line 52.
LaTeX Font Info:    Checking defaults for OMS/cmsy/m/n on input line 52.
LaTeX Font Info:    ... okay on input line 52.
LaTeX Font Info:    Checking defaults for OMX/cmex/m/n on input line 52.
LaTeX Font Info:    ... okay on input line 52.
LaTeX Font Info:    Checking defaults for U/cmr/m/n on input line 52.
LaTeX Font Info:    ... okay on input line 52.
LaTeX Font Info:    Checking defaults for PD1/pdf/m/n on input line 52.
LaTeX Font Info:    ... okay on input line 52.

(/usr/share/texmf-texlive/tex/context/base/supp-pdf.mkii
[Loading MPS to PDF converter (version 2006.09.02).]
\scratchcounter=\count116
\scratchdimen=\dimen124
\scratchbox=\box28
\nofMPsegments=\count117
\nofMParguments=\count118
\everyMPshowfont=\toks21
\MPscratchCnt=\count119
\MPscratchDim=\dimen125
\MPnumerator=\count120
\everyMPtoPDFconversion=\toks22
)
Package caption Info: Begin \AtBeginDocument code.
Package caption3 Info: subfig package 1.2 or 1.3 is loaded.
LaTeX Info: Redefining \subref on input line 52.
Package caption Info: hyperref package is loaded.
Package caption Info: End \AtBeginDocument code.
Package hyperref Info: Link coloring OFF on input line 52.
 (/usr/share/texmf-texlive/tex/latex/hyperref/nameref.sty
Package: nameref 2007/05/29 v2.31 Cross-referencing by name of section

(/usr/share/texmf-texlive/tex/latex/oberdiek/refcount.sty
Package: refcount 2008/08/11 v3.1 Data extraction from references (HO)
)
\c@section@level=\count121
)
LaTeX Info: Redefining \ref on input line 52.
LaTeX Info: Redefining \pageref on input line 52.
 (./paper.out)
(./paper.out)
\@outlinefile=\write3
\openout3 = `paper.out'.

\AtBeginShipoutBox=\box29

cmr-font_in_spiecls
10pt
LaTeX Font Info:    Try loading font information for U+msa on input line 88.
(/usr/share/texmf-texlive/tex/latex/amsfonts/umsa.fd
File: umsa.fd 2009/06/22 v3.00 AMS symbols A
)
LaTeX Font Info:    Try loading font information for U+msb on input line 88.

(/usr/share/texmf-texlive/tex/latex/amsfonts/umsb.fd
File: umsb.fd 2009/06/22 v3.00 AMS symbols B
) [1

{/var/lib/texmf/fonts/map/pdftex/updmap/pdftex.map}]
<Projection.pdf, id=85, 371.72507pt x 334.35416pt>
File: Projection.pdf Graphic file (type pdf)
 <use Projection.pdf>
<scoringFunction.jpg, id=86, 230.5413pt x 193.6836pt>
File: scoringFunction.jpg Graphic file (type jpg)

<use scoringFunction.jpg> <wall2_naive.jpg, id=89, 1403.2425pt x 587.19376pt>
File: wall2_naive.jpg Graphic file (type jpg)

<use wall2_naive.jpg>
<wall2_naive_shift.jpg, id=90, 1403.2425pt x 587.19376pt>
File: wall2_naive_shift.jpg Graphic file (type jpg)

<use wall2_naive_shift.jpg>
Overfull \hbox (3.57668pt too wide) in paragraph at lines 216--219
 [][][][] 
 []

<wall2_cache_shift.jpg, id=91, 1403.2425pt x 587.19376pt>
File: wall2_cache_shift.jpg Graphic file (type jpg)

<use wall2_cache_shift.jpg>
<wall2_shortest_shift.pdf, id=92, 701.62125pt x 294.09875pt>
File: wall2_shortest_shift.pdf Graphic file (type pdf)

<use wall2_shortest_shift.pdf>
Overfull \hbox (3.59808pt too wide) in paragraph at lines 221--224
 [][][][] 
 []

<wall2_cache_shift_details.png, id=93, 701.62125pt x 294.09875pt>
File: wall2_cache_shift_details.png Graphic file (type png)

<use wall2_cache_shift_details.png>
<wall2_shortest_shift_details.png, id=94, 701.62125pt x 294.09875pt>
File: wall2_shortest_shift_details.png Graphic file (type png)

<use wall2_shortest_shift_details.png>
Overfull \hbox (3.61949pt too wide) in paragraph at lines 226--229
 [][][][] 
 []

<wall2_cache_shift_blend.pdf, id=95, 701.62125pt x 294.09875pt>
File: wall2_cache_shift_blend.pdf Graphic file (type pdf)

<use wall2_cache_shift_blend.pdf>
<wall2_shortest_shift_blend.pdf, id=96, 701.62125pt x 294.09875pt>
File: wall2_shortest_shift_blend.pdf Graphic file (type pdf)

<use wall2_shortest_shift_blend.pdf>
Overfull \hbox (3.61949pt too wide) in paragraph at lines 231--234
 [][][][] 
 []

[2 <./Projection.pdf> <./scoringFunction.jpg>] [3 <./wall2_naive.jpg> <./wall2_
naive_shift.jpg> <./wall2_cache_shift.jpg> <./wall2_shortest_shift.pdf> <./wall
2_cache_shift_details.png (PNG copy)> <./wall2_shortest_shift_details.png (PNG 
copy)> <./wall2_cache_shift_blend.pdf> <./wall2_shortest_shift_blend.pdf>]
<graphApproach.jpg, id=275, 1535.7375pt x 150.5625pt>
File: graphApproach.jpg Graphic file (type jpg)
 <use graphApproach.jpg>
<autostitchResult.jpg, id=276, 1375.1375pt x 150.5625pt>
File: autostitchResult.jpg Graphic file (type jpg)

<use autostitchResult.jpg> <finalLong.jpg, id=277, 5977.33125pt x 577.15625pt>
File: finalLong.jpg Graphic file (type jpg)

<use finalLong.jpg> [4 <./graphApproach.jpg> <./autostitchResult.jpg> <./finalL
ong.jpg>] <geometryAlign_planes.png, id=301, 268.75406pt x 207.77625pt>
File: geometryAlign_planes.png Graphic file (type png)

<use geometryAlign_planes.png>
<geomAlign.png, id=303, 3861.42625pt x 1294.8375pt>
File: geomAlign.png Graphic file (type png)
 <use geomAlign.png>

LaTeX Warning: Reference `robustSIFTFeatureMatching' on page 5 undefined on inp
ut line 412.

[5 <./geometryAlign_planes.png> <./geomAlign.png (PNG copy)>] [6]
<projectionWall.pdf, id=342, 312.16624pt x 304.13625pt>
File: projectionWall.pdf Graphic file (type pdf)

<use projectionWall.pdf>
<projectionCeiling.pdf, id=344, 479.7925pt x 295.1025pt>
File: projectionCeiling.pdf Graphic file (type pdf)

<use projectionCeiling.pdf>
<projectionWallCrop.pdf, id=346, 272.01625pt x 287.0725pt>
File: projectionWallCrop.pdf Graphic file (type pdf)

<use projectionWallCrop.pdf> [7 <./projectionWall.pdf> <./projectionCeiling.pdf
> <./projectionWallCrop.pdf>] <dagCreation.pdf, id=392, 481.8pt x 154.5775pt>
File: dagCreation.pdf Graphic file (type pdf)

<use dagCreation.pdf> [8 <./dagCreation.pdf>]

LaTeX Warning: Citation `openscenegraph' on page 9 undefined on input line 770.


[9] <finalfloors.jpg, id=443, 3792.1675pt x 1441.385pt>
File: finalfloors.jpg Graphic file (type jpg)
 <use finalfloors.jpg>
<finalceilings.jpg, id=444, 2308.625pt x 1104.125pt>
File: finalceilings.jpg Graphic file (type jpg)
 <use finalceilings.jpg>
<floorcropped.jpg, id=445, 2693.06125pt x 2148.025pt>
File: floorcropped.jpg Graphic file (type jpg)
 <use floorcropped.jpg>
<pier15floor.jpg, id=446, 3608.48125pt x 2465.21pt>
File: pier15floor.jpg Graphic file (type jpg)
 <use pier15floor.jpg>
<fullmodel.png, id=447, 1242.14063pt x 639.89063pt>
File: fullmodel.png Graphic file (type png)
 <use fullmodel.png>
<threestoryfull2.png, id=448, 1169.11781pt x 676.02562pt>
File: threestoryfull2.png Graphic file (type png)

<use threestoryfull2.png> <pier15.png, id=449, 768.62157pt x 389.20406pt>
File: pier15.png Graphic file (type png)

<use pier15.png> <threestoryfull.png, id=450, 1028.34187pt x 588.69937pt>
File: threestoryfull.png Graphic file (type png)

<use threestoryfull.png>
Overfull \hbox (8.99992pt too wide) in paragraph at lines 802--802
[]\OT1/cmr/m/n/9 (d)|| 
 []


LaTeX Warning: Float too large for page by 39.77112pt on input line 806.

(./paper.bbl
LaTeX Font Info:    Try loading font information for OMS+cmr on input line 56.
 (/usr/share/texmf-texlive/tex/latex/base/omscmr.fd
File: omscmr.fd 1999/05/25 v2.5h Standard LaTeX font definitions
)
LaTeX Font Info:    Font shape `OMS/cmr/m/it' in size <10> not available
(Font)              Font shape `OMS/cmsy/m/n' tried instead on input line 56.
LaTeX Font Info:    Font shape `OMS/cmr/m/n' in size <10> not available
(Font)              Font shape `OMS/cmsy/m/n' tried instead on input line 56.
) [10] [11 <./finalfloors.jpg> <./finalceilings.jpg> <./floorcropped.jpg> <./pi
er15floor.jpg> <./fullmodel.png> <./threestoryfull2.png (PNG copy)> <./pier15.p
ng (PNG copy)> <./threestoryfull.png (PNG copy)>] (./paper.aux)

LaTeX Warning: There were undefined references.

 ) 
Here is how much of TeX's memory you used:
 6501 strings out of 495061
 95501 string characters out of 1182621
 177428 words of memory out of 3000000
 9489 multiletter control sequences out of 15000+50000
 10953 words of font info for 43 fonts, out of 3000000 for 9000
 28 hyphenation exceptions out of 8191
 44i,10n,45p,631b,374s stack positions out of 5000i,500n,10000p,200000b,50000s
</usr/share/texmf-texlive/fonts/type1/public/amsfonts/cm/cmbx10.pfb></usr/sha
re/texmf-texlive/fonts/type1/public/amsfonts/cm/cmbx12.pfb></usr/share/texmf-te
xlive/fonts/type1/public/amsfonts/cm/cmbx7.pfb></usr/share/texmf-texlive/fonts/
type1/public/amsfonts/cm/cmex10.pfb></usr/share/texmf-texlive/fonts/type1/publi
c/amsfonts/cm/cmmi10.pfb></usr/share/texmf-texlive/fonts/type1/public/amsfonts/
cm/cmmi7.pfb></usr/share/texmf-texlive/fonts/type1/public/amsfonts/cm/cmr10.pfb
></usr/share/texmf-texlive/fonts/type1/public/amsfonts/cm/cmr12.pfb></usr/share
/texmf-texlive/fonts/type1/public/amsfonts/cm/cmr5.pfb></usr/share/texmf-texliv
e/fonts/type1/public/amsfonts/cm/cmr7.pfb></usr/share/texmf-texlive/fonts/type1
/public/amsfonts/cm/cmr9.pfb></usr/share/texmf-texlive/fonts/type1/public/amsfo
nts/cm/cmsy10.pfb></usr/share/texmf-texlive/fonts/type1/public/amsfonts/cm/cmsy
6.pfb></usr/share/texmf-texlive/fonts/type1/public/amsfonts/cm/cmsy7.pfb></usr/
share/texmf-texlive/fonts/type1/public/amsfonts/cm/cmti10.pfb></usr/share/texmf
-texlive/fonts/type1/public/amsfonts/cm/cmtt10.pfb></usr/share/texmf-texlive/fo
nts/type1/public/amsfonts/cm/cmtt9.pfb>
Output written on paper.pdf (11 pages, 15559273 bytes).
PDF statistics:
 542 PDF objects out of 1000 (max. 8388607)
 69 named destinations out of 1000 (max. 500000)
 240 words of extra memory for PDF output out of 10000 (max. 10000000)

