This is pdfTeX, Version 3.1415926-1.40.10 (TeX Live 2009/Debian) (format=prv_egpaper_for_review 2012.6.12)  12 JUN 2012 19:07
entering extended mode
 %&-line parsing enabled.
**&prv_egpaper_for_review _region_.tex
(./_region_.tex
LaTeX2e <2009/09/24>
Babel <v3.8l> and hyphenation patterns for english, usenglishmax, dumylang, noh
yphenation, loaded.
CUSTOMISED FORMAT. Preloaded files:
        .
 article.cls    2007/10/19 v1.4h Standard LaTeX document class
  size10.clo    2007/10/19 v1.4h Standard LaTeX file (size option)
    cvpr.sty    
 eso-pic.sty    2001/05/15 v3.00 EveryShipout Package (MS)
cvpr_eso.sty
  keyval.sty    1999/03/16 v1.13 key=value parser (DPC)
  xspace.sty    2006/05/08 v1.12 Space after command names (DPC,MH)
   times.sty    2005/04/12 PSNFSS-v9.2a (SPQR) 
  epsfig.sty    1999/02/16 v1.7a (e)psfig emulation (SPQR)
graphicx.sty    1999/02/16 v1.0f Enhanced LaTeX Graphics (DPC,SPQR)
graphics.sty    2009/02/05 v1.0o Standard LaTeX Graphics (DPC,SPQR)
    trig.sty    1999/03/16 v1.09 sin cos tan (DPC)
graphics.cfg    2009/08/28 v1.8 graphics configuration of TeX Live
   dvips.def    1999/02/16 v3.0i Driver-dependant file (DPC,SPQR)
 amsmath.sty    2000/07/18 v2.13 AMS math features
 amstext.sty    2000/06/29 v2.01
  amsgen.sty    1999/11/30 v2.0
  amsbsy.sty    1999/11/29 v1.2d
  amsopn.sty    1999/12/14 v2.01 operator names
 amssymb.sty    2009/06/22 v3.00
amsfonts.sty    2009/06/22 v3.00 Basic AMSFonts support
hyperref.sty    2009/10/09 v6.79a Hypertext links for LaTeX
   ifpdf.sty    2009/04/10 v2.0 Provides the ifpdf switch (HO)
  ifvtex.sty    2008/11/04 v1.4 Switches for detecting VTeX and its modes (HO)
 ifxetex.sty    2009/01/23 v0.5 Provides ifxetex conditional
 hycolor.sty    2009/10/02 v1.5 Code for color options of hyperref/bookmark (HO
)
xcolor-patch.sty    2009/10/02 xcolor patch
  pd1enc.def    2009/10/09 v6.79a Hyperref: PDFDocEncoding definition (HO)
etexcmds.sty    2007/12/12 v1.2 Prefix for e-TeX command names (HO)
infwarerr.sty    2007/09/09 v1.2 Providing info/warning/message (HO)
hyperref.cfg    2002/06/06 v1.2 hyperref configuration of TeXLive
kvoptions.sty    2009/08/13 v3.4 Keyval support for LaTeX options (HO)
kvsetkeys.sty    2009/07/30 v1.5 Key value parser with default handler support 
(HO)
 backref.sty    2006/09/05 v1.28 Bibliographical back referencing
     url.sty    2006/04/12  ver 3.3  Verb mode for urls, etc.
  bitset.sty    2007/09/28 v1.0 Data type bit set (HO)
 intcalc.sty    2007/09/27 v1.1 Expandable integer calculations (HO)
bigintcalc.sty    2007/11/11 v1.1 Expandable big integer calculations (HO)
pdftexcmds.sty    2009/09/23 v0.6 LuaTeX support for pdfTeX utility functions (
HO)
ifluatex.sty    2009/04/17 v1.2 Provides the ifluatex switch (HO)
 ltxcmds.sty    2009/08/05 v1.0 Some LaTeX kernel commands for general use (HO)

atbegshi.sty    2008/07/31 v1.9 At begin shipout hook (HO)
  hdvips.def    2009/10/09 v6.79a Hyperref driver for dvips
 pdfmark.def    2009/10/09 v6.79a Hyperref definitions for pdfmark specials
    umsa.fd    2009/06/22 v3.00 AMS symbols A
    umsb.fd    2009/06/22 v3.00 AMS symbols B
  ot1ptm.fd    2001/06/04 font definitions for OT1/ptm.
  ot1pcr.fd    2001/06/04 font definitions for OT1/pcr.
  ot1phv.fd    2001/06/04 scalable font definitions for OT1/phv.
        .
No file _region_.aux.
LaTeX Font Info:    Checking defaults for OML/cmm/m/it on input line 25.
LaTeX Font Info:    ... okay on input line 25.
LaTeX Font Info:    Checking defaults for T1/cmr/m/n on input line 25.
LaTeX Font Info:    ... okay on input line 25.
LaTeX Font Info:    Checking defaults for OT1/cmr/m/n on input line 25.
LaTeX Font Info:    ... okay on input line 25.
LaTeX Font Info:    Checking defaults for OMS/cmsy/m/n on input line 25.
LaTeX Font Info:    ... okay on input line 25.
LaTeX Font Info:    Checking defaults for OMX/cmex/m/n on input line 25.
LaTeX Font Info:    ... okay on input line 25.
LaTeX Font Info:    Checking defaults for U/cmr/m/n on input line 25.
LaTeX Font Info:    ... okay on input line 25.
LaTeX Font Info:    Checking defaults for PD1/pdf/m/n on input line 25.
LaTeX Font Info:    ... okay on input line 25.
(/usr/share/texmf/tex/latex/preview/preview.sty
Package: preview 2010/02/14 11.86 (AUCTeX/preview-latex)

(/usr/share/texmf/tex/latex/preview/prtightpage.def
\PreviewBorder=\dimen122
)
(/usr/share/texmf/tex/latex/preview/prauctex.def
No auxiliary output files.


\hbadness=\count111
\hfuzz=\dimen123
(/usr/share/texmf/tex/latex/preview/prauctex.cfg))
(/usr/share/texmf/tex/latex/preview/prfootnotes.def)
\pr@snippet=\count112
\pr@box=\box31
\pr@output=\toks24

Preview: Fontsize 10pt
) ABD: EveryShipout initializing macros
(/usr/share/texmf-texlive/tex/latex/graphics/color.sty
Package: color 2005/11/14 v1.0j Standard LaTeX Color (DPC)

(/etc/texmf/tex/latex/config/color.cfg
File: color.cfg 2007/01/18 v1.5 color configuration of teTeX/TeXLive
)
Package color Info: Driver file: dvips.def on input line 130.

(/usr/share/texmf-texlive/tex/latex/graphics/dvipsnam.def
File: dvipsnam.def 1999/02/16 v3.0i Driver-dependant file (DPC,SPQR)
))
Package hyperref Info: Link coloring ON on input line 25.

(/usr/share/texmf-texlive/tex/latex/hyperref/nameref.sty
Package: nameref 2007/05/29 v2.31 Cross-referencing by name of section

(/usr/share/texmf-texlive/tex/latex/oberdiek/refcount.sty
Package: refcount 2008/08/11 v3.1 Data extraction from references (HO)
)
\c@section@level=\count113
)
LaTeX Info: Redefining \ref on input line 25.
LaTeX Info: Redefining \pageref on input line 25.
\AtBeginShipoutBox=\box32
Package atbegshi Info: Package `everyshi' patched.


Package hyperref Warning: Rerun to get /PageLabels entry.

 !name(egpaper_for_review.tex) !offset(-3) 
LaTeX Font Info:    Font shape `OT1/ptm/bx/n' in size <14.4> not available
(Font)              Font shape `OT1/ptm/b/n' tried instead on input line 50.
LaTeX Font Info:    Font shape `OT1/ptm/bx/n' in size <12> not available
(Font)              Font shape `OT1/ptm/b/n' tried instead on input line 52.

! Preview: Snippet 1 started.
<-><->
      
l.64 \section{Introduction}
                           
Not a real error.

Preview: Tightpage -32891 -32891 32891 32891
! Preview: Snippet 1 ended.(541848+11006x15540941).
<-><->
      
l.64 \section{Introduction}
                           
Not a real error.

[1

]
! Preview: Snippet 2 started.
<-><->
      
l.73 \subsection{Language}
                          
Not a real error.

! Preview: Snippet 2 ended.(489488+148504x15540941).
<-><->
      
l.73 \subsection{Language}
                          
Not a real error.

[2

]
! Preview: Snippet 3 started.
<-><->
      
l.77 \subsection{Dual submission}
                                 
Not a real error.

! Preview: Snippet 3 ended.(489488+11534x15540941).
<-><->
      
l.77 \subsection{Dual submission}
                                 
Not a real error.

[3

]
! Preview: Snippet 4 started.
<-><->
      
l.94 \subsection{Paper length}
                              
Not a real error.

! Preview: Snippet 4 ended.(489488+148504x15540941).
<-><->
      
l.94 \subsection{Paper length}
                              
Not a real error.

[4

]
! Preview: Snippet 5 started.
<-><->
      
l.106 \subsection{The ruler}
                            
Not a real error.

! Preview: Snippet 5 ended.(489488+11534x15540941).
<-><->
      
l.106 \subsection{The ruler}
                            
Not a real error.

[5

]
! Preview: Snippet 6 started.
<-><->
      
l.120 line is $
               097.15$), although in most cases one would expect that the
Not a real error.

! Preview: Snippet 6 ended.(422343+0x1820450).
<-><->
      
l.120 line is $097.15$
                      ), although in most cases one would expect that the
Not a real error.

[6]
! Preview: Snippet 7 started.
<-><->
      
l.123 \subsection{Mathematics}
                              
Not a real error.

! Preview: Snippet 7 ended.(489488+11534x15540941).
<-><->
      
l.123 \subsection{Mathematics}
                              
Not a real error.

[7

]
! Preview: Snippet 8 started.
<-><->
      
l.136 \subsection{Blind review}
                               
Not a real error.

! Preview: Snippet 8 ended.(489488+11534x15540941).
<-><->
      
l.136 \subsection{Blind review}
                               
Not a real error.

[8

]

LaTeX Warning: Citation `Authors12' on page 3 undefined on input line 189.


LaTeX Warning: Citation `Authors12b' on page 3 undefined on input line 200.

! Preview: Snippet 9 started.
<-><->
      
l.242 \begin{figure}
                    [t]
Not a real error.

! Preview: Snippet 9 ended.(12513443+127692x15540941).
<-><->
      
l.252 \end{figure}
                  
Not a real error.

[9



]
! Preview: Snippet 10 started.
<-><->
      
l.254 \subsection{Miscellaneous}
                                
Not a real error.

! Preview: Snippet 10 ended.(489488+11534x15540941).
<-><->
      
l.254 \subsection{Miscellaneous}
                                
Not a real error.

[10

]
! Preview: Snippet 11 started.
<-><->
      
l.259   \verb'$conf_a$' &  $
                            conf_a$ \\
Not a real error.

! Preview: Snippet 11 ended.(455111+127431x1632544).
<-><->
      
l.259   \verb'$conf_a$' &  $conf_a$
                                    \\
Not a real error.

[11]
! Preview: Snippet 12 started.
<-><->
      
l.260   \verb'$\mathit{conf}_a$' & $
                                    \mathit{conf}_a$
Not a real error.

! Preview: Snippet 12 ended.(455111+160198x1628298).
<-><->
      
l.260 ...rb'$\mathit{conf}_a$' & $\mathit{conf}_a$
                                                  
Not a real error.

[12]

LaTeX Warning: Citation `Alpher02' on page 3 undefined on input line 272.


LaTeX Warning: Citation `Alpher03' on page 3 undefined on input line 274.


LaTeX Warning: Citation `Alpher04' on page 3 undefined on input line 275.


LaTeX Warning: Citation `Alpher03' on page 3 undefined on input line 278.


LaTeX Warning: Citation `Alpher03' on page 3 undefined on input line 278.


LaTeX Warning: Citation `Alpher03' on page 3 undefined on input line 284.


LaTeX Warning: Citation `Alpher02' on page 3 undefined on input line 284.


LaTeX Warning: Citation `Authors12' on page 3 undefined on input line 284.


LaTeX Warning: Citation `Alpher02' on page 3 undefined on input line 285.


LaTeX Warning: Citation `Alpher03' on page 3 undefined on input line 285.


LaTeX Warning: Citation `Authors12' on page 3 undefined on input line 285.

! Preview: Snippet 13 started.
<-><->
      
l.288 \begin{figure*}
                     
Not a real error.

! Preview: Snippet 13 ended.(11137187+127692x32561971).
<-><->
      
l.294 \end{figure*}
                   
Not a real error.

[13


]
! Preview: Snippet 14 started.
<-><->
      
l.297 \section{Formatting your paper}
                                     
Not a real error.

! Preview: Snippet 14 ended.(541848+160032x15540941).
<-><->
      
l.297 \section{Formatting your paper}
                                     
Not a real error.

[14

]
! Preview: Snippet 15 started.
<-><->
      
l.300 the text area is $
                        6\frac78$ inches (17.5 cm) wide by $8\frac78$ inches
Not a real error.

! Preview: Snippet 15 ended.(553676+225995x746202).
<-><->
      
l.300 the text area is $6\frac78$
                                  inches (17.5 cm) wide by $8\frac78$ inches
Not a real error.

[15]
! Preview: Snippet 16 started.
<-><->
      
l.300 ... is $6\frac78$ inches (17.5 cm) wide by $
                                                  8\frac78$ inches
Not a real error.

! Preview: Snippet 16 ended.(553676+225995x746202).
<-><->
      
l.300 ...ac78$ inches (17.5 cm) wide by $8\frac78$
                                                   inches
Not a real error.

[16]
! Preview: Snippet 17 started.
<-><->
      
l.301 (22.54 cm) high. Columns are to be $
                                          3\frac14$ inches (8.25 cm) wide,
Not a real error.

! Preview: Snippet 17 ended.(553676+225995x746202).
<-><->
      
l.301 ...54 cm) high. Columns are to be $3\frac14$
                                                   inches (8.25 cm) wide,
Not a real error.

[17]
! Preview: Snippet 18 started.
<-><->
      
l.302 with a $
              \frac{5}{16}$ inch (0.8 cm) space between them. The main title
Not a real error.

! Preview: Snippet 18 ended.(553676+225995x679756).
<-><->
      
l.302 with a $\frac{5}{16}$
                            inch (0.8 cm) space between them. The main title
Not a real error.

[18]
! Preview: Snippet 19 started.
<-><->
      
l.306 ...m) from the bottom edge of the page for $
                                                  8.5
Not a real error.

! Preview: Snippet 19 ended.(422343+54613x2293759).
<-><->
      
l.307 \times 11$
                -inch paper; for A4 paper, approximately 1-5/8 inches (4.13
Not a real error.

[19]
! Preview: Snippet 20 started.
<-><->
      
l.311 \subsection{Margins and page numbering}
                                             
Not a real error.

! Preview: Snippet 20 ended.(489488+148504x15540941).
<-><->
      
l.311 \subsection{Margins and page numbering}
                                             
Not a real error.

[20

]
! Preview: Snippet 21 started.
<-><->
      
l.319 \subsection{Type-style and fonts}
                                       
Not a real error.

! Preview: Snippet 21 ended.(489488+147783x15540941).
<-><->
      
l.319 \subsection{Type-style and fonts}
                                       
Not a real error.

[21

]

LaTeX Warning: Reference `fig:onecol' on page 4 undefined on input line 345.


LaTeX Warning: Reference `fig:short' on page 4 undefined on input line 345.

! Preview: Snippet 22 started.
<-><->
      
l.364 \subsection{Footnotes}
                            
Not a real error.

! Preview: Snippet 22 ended.(489488+11534x15540941).
<-><->
      
l.364 \subsection{Footnotes}
                            
Not a real error.

[22

]
! Preview: Snippet 23 started.
<-><->
      
l.366 Please use footnotes\footnote
                                    {This is what a footnote looks like.  It
Not a real error.

! Preview: Snippet 23 ended.(550688+0x262144).
<-><->
      
l.367 ...ader from the main flow of the argument.}
                                                  
Not a real error.

[23]
! Preview: Snippet 24 started.
<-><->
      
l.376 \subsection{References}
                             
Not a real error.

! Preview: Snippet 24 ended.(489488+11534x15540941).
<-><->
      
l.376 \subsection{References}
                             
Not a real error.

[24

]

LaTeX Warning: Citation `Authors12' on page 4 undefined on input line 381.

! Preview: Snippet 25 started.
<-><->
      
l.384 \begin{table}
                   
Not a real error.

! Preview: Snippet 25 ended.(4478591+8251x15540941).
<-><->
      
l.397 \end{table}
                 
Not a real error.

[25

]
! Preview: Snippet 26 started.
<-><->
      
l.400 ...n{Illustrations, graphs, and photographs}
                                                  
Not a real error.

! Preview: Snippet 26 ended.(489488+148504x15540941).
<-><->
      
l.400 ...n{Illustrations, graphs, and photographs}
                                                  
Not a real error.

[26

]
! Preview: Snippet 27 started.
<-><->
      
l.422 \subsection{Color}
                        
Not a real error.

! Preview: Snippet 27 ended.(489488+11534x15540941).
<-><->
      
l.422 \subsection{Color}
                        
Not a real error.

[27

]
! Preview: Snippet 28 started.
<-><->
      
l.429 \section{Final copy}
                          
Not a real error.

! Preview: Snippet 28 ended.(541848+160032x15540941).
<-><->
      
l.429 \section{Final copy}
                          
Not a real error.

[28

]
No file _region_.bbl.
 !name(egpaper_for_review.tex) !offset(-5) 

LaTeX Warning: There were undefined references.

 ) 
Here is how much of TeX's memory you used:
 534 strings out of 490129
 8039 string characters out of 1113661
 153572 words of memory out of 3000000
 8511 multiletter control sequences out of 15000+50000
 22303 words of font info for 69 fonts, out of 3000000 for 9000
 28 hyphenation exceptions out of 8191
 35i,11n,31p,227b,319s stack positions out of 5000i,500n,10000p,200000b,50000s

Output written on _region_.dvi (28 pages, 9640 bytes).
