mktextfm phvb
mktextfm ptmb
mktextfm ptmr7t
mktextfm ptmr7t
mktextfm ptmb7t
mktextfm nullfont
mktextfm ptmb7t
mktextfm nullfont
mktextfm ptmr7t
mktextfm ptmb7t
mktextfm nullfont
mktextfm ptmri7t
mktextfm ptmr7t
mktextfm pcrr7t
mktextfm ptmr7t
mktextfm phvr7t
mktextfm phvr7t
mktextfm ptmr7t
mktextfm ptmr7t
mktextfm pcrr7t
mktextfm phvb
mktextfm ptmb
mktextfm ptmr7t
mktextfm ptmr7t
mktextfm ptmr7t
mktextfm ptmb7t
mktextfm nullfont
mktextfm ptmbi7t
mktextfm nullfont
mktextfm ptmri7t
mktextfm pcrr7t
mktextfm phvr7t
mktextfm phvb
mktextfm ptmb
mktextfm ptmr7t
mktextfm ptmr7t
mktextfm pcrr7t
mktextfm pcrr7t
mktextfm ptmr7t
mktextfm ptmb7t
mktextfm nullfont
mktextfm phvr7t
mktextfm phvr7t
mktextfm ptmr7t
mktextfm ptmb7t
mktextfm nullfont
mktextfm ptmr7t
mktextfm ptmb7t
mktextfm nullfont
mktextfm ptmri7t
mktextfm ptmr7t
mktextfm ptmr7t
mktextfm phvb
mktextfm ptmb
mktextfm ptmr7t
mktextfm ptmr7t
mktextfm pcrr7t
mktextfm pcrr7t
mktextfm ptmr7t
mktextfm ptmb7t
mktextfm nullfont
mktextfm phvr7t
mktextfm phvr7t
mktextfm ptmr7t
mktextfm ptmb7t
mktextfm nullfont
mktextfm ptmr7t
mktextfm ptmb7t
mktextfm nullfont
mktextfm ptmri7t
mktextfm ptmr7t
mktextfm ptmr7t
mktextfm phvb
mktextfm ptmb
mktextfm ptmr7t
mktextfm ptmr7t
mktextfm pcrr7t
mktextfm pcrr7t
mktextfm ptmr7t
mktextfm ptmb7t
mktextfm nullfont
mktextfm phvr7t
mktextfm phvr7t
mktextfm ptmr7t
mktextfm ptmb7t
mktextfm nullfont
mktextfm ptmr7t
mktextfm ptmb7t
mktextfm nullfont
mktextfm ptmri7t
mktextfm ptmr7t
mktextfm ptmr7t
mktextfm phvb
mktextfm ptmb
mktextfm phvb
mktextfm phvb
mktextfm phvb
mktextfm phvb
